{"numFailedTestSuites":6,"numFailedTests":83,"numPassedTestSuites":1,"numPassedTests":81,"numPendingTestSuites":0,"numPendingTests":0,"numRuntimeErrorTestSuites":0,"numTodoTests":0,"numTotalTestSuites":7,"numTotalTests":164,"openHandles":[],"snapshot":{"added":0,"didUpdate":false,"failure":false,"filesAdded":0,"filesRemoved":0,"filesRemovedList":[],"filesUnmatched":0,"filesUpdated":0,"matched":0,"total":0,"unchecked":0,"uncheckedKeysByFile":[],"unmatched":0,"updated":0},"startTime":1755696740761,"success":false,"testResults":[{"assertionResults":[{"ancestorTitles":["PaymentService","Stripe Integration"],"duration":8,"failing":false,"failureDetails":[{}],"failureMessages":["TypeError: payment_service_1.PaymentService is not a constructor\n    at Object.<anonymous> (/mnt/c/codigos/inneraiclone2/tests/unit/payment-service.test.ts:81:22)\n    at Promise.finally.completed (/mnt/c/codigos/inneraiclone2/node_modules/jest-circus/build/jestAdapterInit.js:1559:28)\n    at new Promise (<anonymous>)\n    at callAsyncCircusFn (/mnt/c/codigos/inneraiclone2/node_modules/jest-circus/build/jestAdapterInit.js:1499:10)\n    at _callCircusHook (/mnt/c/codigos/inneraiclone2/node_modules/jest-circus/build/jestAdapterInit.js:978:40)\n    at _runTest (/mnt/c/codigos/inneraiclone2/node_modules/jest-circus/build/jestAdapterInit.js:943:5)\n    at _runTestsForDescribeBlock (/mnt/c/codigos/inneraiclone2/node_modules/jest-circus/build/jestAdapterInit.js:839:13)\n    at _runTestsForDescribeBlock (/mnt/c/codigos/inneraiclone2/node_modules/jest-circus/build/jestAdapterInit.js:829:11)\n    at _runTestsForDescribeBlock (/mnt/c/codigos/inneraiclone2/node_modules/jest-circus/build/jestAdapterInit.js:829:11)\n    at run (/mnt/c/codigos/inneraiclone2/node_modules/jest-circus/build/jestAdapterInit.js:757:3)\n    at runAndTransformResultsToJestFormat (/mnt/c/codigos/inneraiclone2/node_modules/jest-circus/build/jestAdapterInit.js:1920:21)\n    at jestAdapter (/mnt/c/codigos/inneraiclone2/node_modules/jest-circus/build/runner.js:101:19)\n    at runTestInternal (/mnt/c/codigos/inneraiclone2/node_modules/jest-runner/build/index.js:275:16)\n    at runTest (/mnt/c/codigos/inneraiclone2/node_modules/jest-runner/build/index.js:343:7)"],"fullName":"PaymentService Stripe Integration should create checkout session for valid plan","invocations":1,"location":null,"numPassingAsserts":0,"retryReasons":[],"startAt":1755696756825,"status":"failed","title":"should create checkout session for valid plan"},{"ancestorTitles":["PaymentService","Stripe Integration"],"duration":0,"failing":false,"failureDetails":[{}],"failureMessages":["TypeError: payment_service_1.PaymentService is not a constructor\n    at Object.<anonymous> (/mnt/c/codigos/inneraiclone2/tests/unit/payment-service.test.ts:81:22)\n    at Promise.finally.completed (/mnt/c/codigos/inneraiclone2/node_modules/jest-circus/build/jestAdapterInit.js:1559:28)\n    at new Promise (<anonymous>)\n    at callAsyncCircusFn (/mnt/c/codigos/inneraiclone2/node_modules/jest-circus/build/jestAdapterInit.js:1499:10)\n    at _callCircusHook (/mnt/c/codigos/inneraiclone2/node_modules/jest-circus/build/jestAdapterInit.js:978:40)\n    at _runTest (/mnt/c/codigos/inneraiclone2/node_modules/jest-circus/build/jestAdapterInit.js:943:5)\n    at _runTestsForDescribeBlock (/mnt/c/codigos/inneraiclone2/node_modules/jest-circus/build/jestAdapterInit.js:839:13)\n    at _runTestsForDescribeBlock (/mnt/c/codigos/inneraiclone2/node_modules/jest-circus/build/jestAdapterInit.js:829:11)\n    at _runTestsForDescribeBlock (/mnt/c/codigos/inneraiclone2/node_modules/jest-circus/build/jestAdapterInit.js:829:11)\n    at run (/mnt/c/codigos/inneraiclone2/node_modules/jest-circus/build/jestAdapterInit.js:757:3)\n    at runAndTransformResultsToJestFormat (/mnt/c/codigos/inneraiclone2/node_modules/jest-circus/build/jestAdapterInit.js:1920:21)\n    at jestAdapter (/mnt/c/codigos/inneraiclone2/node_modules/jest-circus/build/runner.js:101:19)\n    at runTestInternal (/mnt/c/codigos/inneraiclone2/node_modules/jest-runner/build/index.js:275:16)\n    at runTest (/mnt/c/codigos/inneraiclone2/node_modules/jest-runner/build/index.js:343:7)"],"fullName":"PaymentService Stripe Integration should create Stripe customer if not exists","invocations":1,"location":null,"numPassingAsserts":0,"retryReasons":[],"startAt":1755696756861,"status":"failed","title":"should create Stripe customer if not exists"},{"ancestorTitles":["PaymentService","Stripe Integration"],"duration":0,"failing":false,"failureDetails":[{}],"failureMessages":["TypeError: payment_service_1.PaymentService is not a constructor\n    at Object.<anonymous> (/mnt/c/codigos/inneraiclone2/tests/unit/payment-service.test.ts:81:22)\n    at Promise.finally.completed (/mnt/c/codigos/inneraiclone2/node_modules/jest-circus/build/jestAdapterInit.js:1559:28)\n    at new Promise (<anonymous>)\n    at callAsyncCircusFn (/mnt/c/codigos/inneraiclone2/node_modules/jest-circus/build/jestAdapterInit.js:1499:10)\n    at _callCircusHook (/mnt/c/codigos/inneraiclone2/node_modules/jest-circus/build/jestAdapterInit.js:978:40)\n    at _runTest (/mnt/c/codigos/inneraiclone2/node_modules/jest-circus/build/jestAdapterInit.js:943:5)\n    at _runTestsForDescribeBlock (/mnt/c/codigos/inneraiclone2/node_modules/jest-circus/build/jestAdapterInit.js:839:13)\n    at _runTestsForDescribeBlock (/mnt/c/codigos/inneraiclone2/node_modules/jest-circus/build/jestAdapterInit.js:829:11)\n    at _runTestsForDescribeBlock (/mnt/c/codigos/inneraiclone2/node_modules/jest-circus/build/jestAdapterInit.js:829:11)\n    at run (/mnt/c/codigos/inneraiclone2/node_modules/jest-circus/build/jestAdapterInit.js:757:3)\n    at runAndTransformResultsToJestFormat (/mnt/c/codigos/inneraiclone2/node_modules/jest-circus/build/jestAdapterInit.js:1920:21)\n    at jestAdapter (/mnt/c/codigos/inneraiclone2/node_modules/jest-circus/build/runner.js:101:19)\n    at runTestInternal (/mnt/c/codigos/inneraiclone2/node_modules/jest-runner/build/index.js:275:16)\n    at runTest (/mnt/c/codigos/inneraiclone2/node_modules/jest-runner/build/index.js:343:7)"],"fullName":"PaymentService Stripe Integration should handle Stripe webhook events","invocations":1,"location":null,"numPassingAsserts":0,"retryReasons":[],"startAt":1755696756862,"status":"failed","title":"should handle Stripe webhook events"},{"ancestorTitles":["PaymentService","Stripe Integration"],"duration":0,"failing":false,"failureDetails":[{}],"failureMessages":["TypeError: payment_service_1.PaymentService is not a constructor\n    at Object.<anonymous> (/mnt/c/codigos/inneraiclone2/tests/unit/payment-service.test.ts:81:22)\n    at Promise.finally.completed (/mnt/c/codigos/inneraiclone2/node_modules/jest-circus/build/jestAdapterInit.js:1559:28)\n    at new Promise (<anonymous>)\n    at callAsyncCircusFn (/mnt/c/codigos/inneraiclone2/node_modules/jest-circus/build/jestAdapterInit.js:1499:10)\n    at _callCircusHook (/mnt/c/codigos/inneraiclone2/node_modules/jest-circus/build/jestAdapterInit.js:978:40)\n    at _runTest (/mnt/c/codigos/inneraiclone2/node_modules/jest-circus/build/jestAdapterInit.js:943:5)\n    at _runTestsForDescribeBlock (/mnt/c/codigos/inneraiclone2/node_modules/jest-circus/build/jestAdapterInit.js:839:13)\n    at _runTestsForDescribeBlock (/mnt/c/codigos/inneraiclone2/node_modules/jest-circus/build/jestAdapterInit.js:829:11)\n    at _runTestsForDescribeBlock (/mnt/c/codigos/inneraiclone2/node_modules/jest-circus/build/jestAdapterInit.js:829:11)\n    at run (/mnt/c/codigos/inneraiclone2/node_modules/jest-circus/build/jestAdapterInit.js:757:3)\n    at runAndTransformResultsToJestFormat (/mnt/c/codigos/inneraiclone2/node_modules/jest-circus/build/jestAdapterInit.js:1920:21)\n    at jestAdapter (/mnt/c/codigos/inneraiclone2/node_modules/jest-circus/build/runner.js:101:19)\n    at runTestInternal (/mnt/c/codigos/inneraiclone2/node_modules/jest-runner/build/index.js:275:16)\n    at runTest (/mnt/c/codigos/inneraiclone2/node_modules/jest-runner/build/index.js:343:7)"],"fullName":"PaymentService Stripe Integration should cancel Stripe subscription","invocations":1,"location":null,"numPassingAsserts":0,"retryReasons":[],"startAt":1755696756863,"status":"failed","title":"should cancel Stripe subscription"},{"ancestorTitles":["PaymentService","Stripe Integration"],"duration":1,"failing":false,"failureDetails":[{}],"failureMessages":["TypeError: payment_service_1.PaymentService is not a constructor\n    at Object.<anonymous> (/mnt/c/codigos/inneraiclone2/tests/unit/payment-service.test.ts:81:22)\n    at Promise.finally.completed (/mnt/c/codigos/inneraiclone2/node_modules/jest-circus/build/jestAdapterInit.js:1559:28)\n    at new Promise (<anonymous>)\n    at callAsyncCircusFn (/mnt/c/codigos/inneraiclone2/node_modules/jest-circus/build/jestAdapterInit.js:1499:10)\n    at _callCircusHook (/mnt/c/codigos/inneraiclone2/node_modules/jest-circus/build/jestAdapterInit.js:978:40)\n    at _runTest (/mnt/c/codigos/inneraiclone2/node_modules/jest-circus/build/jestAdapterInit.js:943:5)\n    at _runTestsForDescribeBlock (/mnt/c/codigos/inneraiclone2/node_modules/jest-circus/build/jestAdapterInit.js:839:13)\n    at _runTestsForDescribeBlock (/mnt/c/codigos/inneraiclone2/node_modules/jest-circus/build/jestAdapterInit.js:829:11)\n    at _runTestsForDescribeBlock (/mnt/c/codigos/inneraiclone2/node_modules/jest-circus/build/jestAdapterInit.js:829:11)\n    at run (/mnt/c/codigos/inneraiclone2/node_modules/jest-circus/build/jestAdapterInit.js:757:3)\n    at runAndTransformResultsToJestFormat (/mnt/c/codigos/inneraiclone2/node_modules/jest-circus/build/jestAdapterInit.js:1920:21)\n    at jestAdapter (/mnt/c/codigos/inneraiclone2/node_modules/jest-circus/build/runner.js:101:19)\n    at runTestInternal (/mnt/c/codigos/inneraiclone2/node_modules/jest-runner/build/index.js:275:16)\n    at runTest (/mnt/c/codigos/inneraiclone2/node_modules/jest-runner/build/index.js:343:7)"],"fullName":"PaymentService Stripe Integration should throw error for invalid plan","invocations":1,"location":null,"numPassingAsserts":0,"retryReasons":[],"startAt":1755696756863,"status":"failed","title":"should throw error for invalid plan"},{"ancestorTitles":["PaymentService","MercadoPago Integration"],"duration":0,"failing":false,"failureDetails":[{}],"failureMessages":["TypeError: payment_service_1.PaymentService is not a constructor\n    at Object.<anonymous> (/mnt/c/codigos/inneraiclone2/tests/unit/payment-service.test.ts:81:22)\n    at Promise.finally.completed (/mnt/c/codigos/inneraiclone2/node_modules/jest-circus/build/jestAdapterInit.js:1559:28)\n    at new Promise (<anonymous>)\n    at callAsyncCircusFn (/mnt/c/codigos/inneraiclone2/node_modules/jest-circus/build/jestAdapterInit.js:1499:10)\n    at _callCircusHook (/mnt/c/codigos/inneraiclone2/node_modules/jest-circus/build/jestAdapterInit.js:978:40)\n    at _runTest (/mnt/c/codigos/inneraiclone2/node_modules/jest-circus/build/jestAdapterInit.js:943:5)\n    at _runTestsForDescribeBlock (/mnt/c/codigos/inneraiclone2/node_modules/jest-circus/build/jestAdapterInit.js:839:13)\n    at _runTestsForDescribeBlock (/mnt/c/codigos/inneraiclone2/node_modules/jest-circus/build/jestAdapterInit.js:829:11)\n    at _runTestsForDescribeBlock (/mnt/c/codigos/inneraiclone2/node_modules/jest-circus/build/jestAdapterInit.js:829:11)\n    at run (/mnt/c/codigos/inneraiclone2/node_modules/jest-circus/build/jestAdapterInit.js:757:3)\n    at runAndTransformResultsToJestFormat (/mnt/c/codigos/inneraiclone2/node_modules/jest-circus/build/jestAdapterInit.js:1920:21)\n    at jestAdapter (/mnt/c/codigos/inneraiclone2/node_modules/jest-circus/build/runner.js:101:19)\n    at runTestInternal (/mnt/c/codigos/inneraiclone2/node_modules/jest-runner/build/index.js:275:16)\n    at runTest (/mnt/c/codigos/inneraiclone2/node_modules/jest-runner/build/index.js:343:7)"],"fullName":"PaymentService MercadoPago Integration should create MercadoPago preference","invocations":1,"location":null,"numPassingAsserts":0,"retryReasons":[],"startAt":1755696756864,"status":"failed","title":"should create MercadoPago preference"},{"ancestorTitles":["PaymentService","MercadoPago Integration"],"duration":0,"failing":false,"failureDetails":[{}],"failureMessages":["TypeError: payment_service_1.PaymentService is not a constructor\n    at Object.<anonymous> (/mnt/c/codigos/inneraiclone2/tests/unit/payment-service.test.ts:81:22)\n    at Promise.finally.completed (/mnt/c/codigos/inneraiclone2/node_modules/jest-circus/build/jestAdapterInit.js:1559:28)\n    at new Promise (<anonymous>)\n    at callAsyncCircusFn (/mnt/c/codigos/inneraiclone2/node_modules/jest-circus/build/jestAdapterInit.js:1499:10)\n    at _callCircusHook (/mnt/c/codigos/inneraiclone2/node_modules/jest-circus/build/jestAdapterInit.js:978:40)\n    at _runTest (/mnt/c/codigos/inneraiclone2/node_modules/jest-circus/build/jestAdapterInit.js:943:5)\n    at _runTestsForDescribeBlock (/mnt/c/codigos/inneraiclone2/node_modules/jest-circus/build/jestAdapterInit.js:839:13)\n    at _runTestsForDescribeBlock (/mnt/c/codigos/inneraiclone2/node_modules/jest-circus/build/jestAdapterInit.js:829:11)\n    at _runTestsForDescribeBlock (/mnt/c/codigos/inneraiclone2/node_modules/jest-circus/build/jestAdapterInit.js:829:11)\n    at run (/mnt/c/codigos/inneraiclone2/node_modules/jest-circus/build/jestAdapterInit.js:757:3)\n    at runAndTransformResultsToJestFormat (/mnt/c/codigos/inneraiclone2/node_modules/jest-circus/build/jestAdapterInit.js:1920:21)\n    at jestAdapter (/mnt/c/codigos/inneraiclone2/node_modules/jest-circus/build/runner.js:101:19)\n    at runTestInternal (/mnt/c/codigos/inneraiclone2/node_modules/jest-runner/build/index.js:275:16)\n    at runTest (/mnt/c/codigos/inneraiclone2/node_modules/jest-runner/build/index.js:343:7)"],"fullName":"PaymentService MercadoPago Integration should handle PIX payment","invocations":1,"location":null,"numPassingAsserts":0,"retryReasons":[],"startAt":1755696756865,"status":"failed","title":"should handle PIX payment"},{"ancestorTitles":["PaymentService","MercadoPago Integration"],"duration":0,"failing":false,"failureDetails":[{}],"failureMessages":["TypeError: payment_service_1.PaymentService is not a constructor\n    at Object.<anonymous> (/mnt/c/codigos/inneraiclone2/tests/unit/payment-service.test.ts:81:22)\n    at Promise.finally.completed (/mnt/c/codigos/inneraiclone2/node_modules/jest-circus/build/jestAdapterInit.js:1559:28)\n    at new Promise (<anonymous>)\n    at callAsyncCircusFn (/mnt/c/codigos/inneraiclone2/node_modules/jest-circus/build/jestAdapterInit.js:1499:10)\n    at _callCircusHook (/mnt/c/codigos/inneraiclone2/node_modules/jest-circus/build/jestAdapterInit.js:978:40)\n    at _runTest (/mnt/c/codigos/inneraiclone2/node_modules/jest-circus/build/jestAdapterInit.js:943:5)\n    at _runTestsForDescribeBlock (/mnt/c/codigos/inneraiclone2/node_modules/jest-circus/build/jestAdapterInit.js:839:13)\n    at _runTestsForDescribeBlock (/mnt/c/codigos/inneraiclone2/node_modules/jest-circus/build/jestAdapterInit.js:829:11)\n    at _runTestsForDescribeBlock (/mnt/c/codigos/inneraiclone2/node_modules/jest-circus/build/jestAdapterInit.js:829:11)\n    at run (/mnt/c/codigos/inneraiclone2/node_modules/jest-circus/build/jestAdapterInit.js:757:3)\n    at runAndTransformResultsToJestFormat (/mnt/c/codigos/inneraiclone2/node_modules/jest-circus/build/jestAdapterInit.js:1920:21)\n    at jestAdapter (/mnt/c/codigos/inneraiclone2/node_modules/jest-circus/build/runner.js:101:19)\n    at runTestInternal (/mnt/c/codigos/inneraiclone2/node_modules/jest-runner/build/index.js:275:16)\n    at runTest (/mnt/c/codigos/inneraiclone2/node_modules/jest-runner/build/index.js:343:7)"],"fullName":"PaymentService MercadoPago Integration should process MercadoPago webhook","invocations":1,"location":null,"numPassingAsserts":0,"retryReasons":[],"startAt":1755696756866,"status":"failed","title":"should process MercadoPago webhook"},{"ancestorTitles":["PaymentService","MercadoPago Integration"],"duration":0,"failing":false,"failureDetails":[{}],"failureMessages":["TypeError: payment_service_1.PaymentService is not a constructor\n    at Object.<anonymous> (/mnt/c/codigos/inneraiclone2/tests/unit/payment-service.test.ts:81:22)\n    at Promise.finally.completed (/mnt/c/codigos/inneraiclone2/node_modules/jest-circus/build/jestAdapterInit.js:1559:28)\n    at new Promise (<anonymous>)\n    at callAsyncCircusFn (/mnt/c/codigos/inneraiclone2/node_modules/jest-circus/build/jestAdapterInit.js:1499:10)\n    at _callCircusHook (/mnt/c/codigos/inneraiclone2/node_modules/jest-circus/build/jestAdapterInit.js:978:40)\n    at _runTest (/mnt/c/codigos/inneraiclone2/node_modules/jest-circus/build/jestAdapterInit.js:943:5)\n    at _runTestsForDescribeBlock (/mnt/c/codigos/inneraiclone2/node_modules/jest-circus/build/jestAdapterInit.js:839:13)\n    at _runTestsForDescribeBlock (/mnt/c/codigos/inneraiclone2/node_modules/jest-circus/build/jestAdapterInit.js:829:11)\n    at _runTestsForDescribeBlock (/mnt/c/codigos/inneraiclone2/node_modules/jest-circus/build/jestAdapterInit.js:829:11)\n    at run (/mnt/c/codigos/inneraiclone2/node_modules/jest-circus/build/jestAdapterInit.js:757:3)\n    at runAndTransformResultsToJestFormat (/mnt/c/codigos/inneraiclone2/node_modules/jest-circus/build/jestAdapterInit.js:1920:21)\n    at jestAdapter (/mnt/c/codigos/inneraiclone2/node_modules/jest-circus/build/runner.js:101:19)\n    at runTestInternal (/mnt/c/codigos/inneraiclone2/node_modules/jest-runner/build/index.js:275:16)\n    at runTest (/mnt/c/codigos/inneraiclone2/node_modules/jest-runner/build/index.js:343:7)"],"fullName":"PaymentService MercadoPago Integration should support installments for credit card","invocations":1,"location":null,"numPassingAsserts":0,"retryReasons":[],"startAt":1755696756867,"status":"failed","title":"should support installments for credit card"},{"ancestorTitles":["PaymentService","Plan Management"],"duration":0,"failing":false,"failureDetails":[{}],"failureMessages":["TypeError: payment_service_1.PaymentService is not a constructor\n    at Object.<anonymous> (/mnt/c/codigos/inneraiclone2/tests/unit/payment-service.test.ts:81:22)\n    at Promise.finally.completed (/mnt/c/codigos/inneraiclone2/node_modules/jest-circus/build/jestAdapterInit.js:1559:28)\n    at new Promise (<anonymous>)\n    at callAsyncCircusFn (/mnt/c/codigos/inneraiclone2/node_modules/jest-circus/build/jestAdapterInit.js:1499:10)\n    at _callCircusHook (/mnt/c/codigos/inneraiclone2/node_modules/jest-circus/build/jestAdapterInit.js:978:40)\n    at _runTest (/mnt/c/codigos/inneraiclone2/node_modules/jest-circus/build/jestAdapterInit.js:943:5)\n    at _runTestsForDescribeBlock (/mnt/c/codigos/inneraiclone2/node_modules/jest-circus/build/jestAdapterInit.js:839:13)\n    at _runTestsForDescribeBlock (/mnt/c/codigos/inneraiclone2/node_modules/jest-circus/build/jestAdapterInit.js:829:11)\n    at _runTestsForDescribeBlock (/mnt/c/codigos/inneraiclone2/node_modules/jest-circus/build/jestAdapterInit.js:829:11)\n    at run (/mnt/c/codigos/inneraiclone2/node_modules/jest-circus/build/jestAdapterInit.js:757:3)\n    at runAndTransformResultsToJestFormat (/mnt/c/codigos/inneraiclone2/node_modules/jest-circus/build/jestAdapterInit.js:1920:21)\n    at jestAdapter (/mnt/c/codigos/inneraiclone2/node_modules/jest-circus/build/runner.js:101:19)\n    at runTestInternal (/mnt/c/codigos/inneraiclone2/node_modules/jest-runner/build/index.js:275:16)\n    at runTest (/mnt/c/codigos/inneraiclone2/node_modules/jest-runner/build/index.js:343:7)"],"fullName":"PaymentService Plan Management should validate plan exists","invocations":1,"location":null,"numPassingAsserts":0,"retryReasons":[],"startAt":1755696756868,"status":"failed","title":"should validate plan exists"},{"ancestorTitles":["PaymentService","Plan Management"],"duration":0,"failing":false,"failureDetails":[{}],"failureMessages":["TypeError: payment_service_1.PaymentService is not a constructor\n    at Object.<anonymous> (/mnt/c/codigos/inneraiclone2/tests/unit/payment-service.test.ts:81:22)\n    at Promise.finally.completed (/mnt/c/codigos/inneraiclone2/node_modules/jest-circus/build/jestAdapterInit.js:1559:28)\n    at new Promise (<anonymous>)\n    at callAsyncCircusFn (/mnt/c/codigos/inneraiclone2/node_modules/jest-circus/build/jestAdapterInit.js:1499:10)\n    at _callCircusHook (/mnt/c/codigos/inneraiclone2/node_modules/jest-circus/build/jestAdapterInit.js:978:40)\n    at _runTest (/mnt/c/codigos/inneraiclone2/node_modules/jest-circus/build/jestAdapterInit.js:943:5)\n    at _runTestsForDescribeBlock (/mnt/c/codigos/inneraiclone2/node_modules/jest-circus/build/jestAdapterInit.js:839:13)\n    at _runTestsForDescribeBlock (/mnt/c/codigos/inneraiclone2/node_modules/jest-circus/build/jestAdapterInit.js:829:11)\n    at _runTestsForDescribeBlock (/mnt/c/codigos/inneraiclone2/node_modules/jest-circus/build/jestAdapterInit.js:829:11)\n    at run (/mnt/c/codigos/inneraiclone2/node_modules/jest-circus/build/jestAdapterInit.js:757:3)\n    at runAndTransformResultsToJestFormat (/mnt/c/codigos/inneraiclone2/node_modules/jest-circus/build/jestAdapterInit.js:1920:21)\n    at jestAdapter (/mnt/c/codigos/inneraiclone2/node_modules/jest-circus/build/runner.js:101:19)\n    at runTestInternal (/mnt/c/codigos/inneraiclone2/node_modules/jest-runner/build/index.js:275:16)\n    at runTest (/mnt/c/codigos/inneraiclone2/node_modules/jest-runner/build/index.js:343:7)"],"fullName":"PaymentService Plan Management should get plan details","invocations":1,"location":null,"numPassingAsserts":0,"retryReasons":[],"startAt":1755696756869,"status":"failed","title":"should get plan details"},{"ancestorTitles":["PaymentService","Plan Management"],"duration":0,"failing":false,"failureDetails":[{}],"failureMessages":["TypeError: payment_service_1.PaymentService is not a constructor\n    at Object.<anonymous> (/mnt/c/codigos/inneraiclone2/tests/unit/payment-service.test.ts:81:22)\n    at Promise.finally.completed (/mnt/c/codigos/inneraiclone2/node_modules/jest-circus/build/jestAdapterInit.js:1559:28)\n    at new Promise (<anonymous>)\n    at callAsyncCircusFn (/mnt/c/codigos/inneraiclone2/node_modules/jest-circus/build/jestAdapterInit.js:1499:10)\n    at _callCircusHook (/mnt/c/codigos/inneraiclone2/node_modules/jest-circus/build/jestAdapterInit.js:978:40)\n    at _runTest (/mnt/c/codigos/inneraiclone2/node_modules/jest-circus/build/jestAdapterInit.js:943:5)\n    at _runTestsForDescribeBlock (/mnt/c/codigos/inneraiclone2/node_modules/jest-circus/build/jestAdapterInit.js:839:13)\n    at _runTestsForDescribeBlock (/mnt/c/codigos/inneraiclone2/node_modules/jest-circus/build/jestAdapterInit.js:829:11)\n    at _runTestsForDescribeBlock (/mnt/c/codigos/inneraiclone2/node_modules/jest-circus/build/jestAdapterInit.js:829:11)\n    at run (/mnt/c/codigos/inneraiclone2/node_modules/jest-circus/build/jestAdapterInit.js:757:3)\n    at runAndTransformResultsToJestFormat (/mnt/c/codigos/inneraiclone2/node_modules/jest-circus/build/jestAdapterInit.js:1920:21)\n    at jestAdapter (/mnt/c/codigos/inneraiclone2/node_modules/jest-circus/build/runner.js:101:19)\n    at runTestInternal (/mnt/c/codigos/inneraiclone2/node_modules/jest-runner/build/index.js:275:16)\n    at runTest (/mnt/c/codigos/inneraiclone2/node_modules/jest-runner/build/index.js:343:7)"],"fullName":"PaymentService Plan Management should calculate plan price with discount","invocations":1,"location":null,"numPassingAsserts":0,"retryReasons":[],"startAt":1755696756870,"status":"failed","title":"should calculate plan price with discount"},{"ancestorTitles":["PaymentService","Plan Management"],"duration":1,"failing":false,"failureDetails":[{}],"failureMessages":["TypeError: payment_service_1.PaymentService is not a constructor\n    at Object.<anonymous> (/mnt/c/codigos/inneraiclone2/tests/unit/payment-service.test.ts:81:22)\n    at Promise.finally.completed (/mnt/c/codigos/inneraiclone2/node_modules/jest-circus/build/jestAdapterInit.js:1559:28)\n    at new Promise (<anonymous>)\n    at callAsyncCircusFn (/mnt/c/codigos/inneraiclone2/node_modules/jest-circus/build/jestAdapterInit.js:1499:10)\n    at _callCircusHook (/mnt/c/codigos/inneraiclone2/node_modules/jest-circus/build/jestAdapterInit.js:978:40)\n    at _runTest (/mnt/c/codigos/inneraiclone2/node_modules/jest-circus/build/jestAdapterInit.js:943:5)\n    at _runTestsForDescribeBlock (/mnt/c/codigos/inneraiclone2/node_modules/jest-circus/build/jestAdapterInit.js:839:13)\n    at _runTestsForDescribeBlock (/mnt/c/codigos/inneraiclone2/node_modules/jest-circus/build/jestAdapterInit.js:829:11)\n    at _runTestsForDescribeBlock (/mnt/c/codigos/inneraiclone2/node_modules/jest-circus/build/jestAdapterInit.js:829:11)\n    at run (/mnt/c/codigos/inneraiclone2/node_modules/jest-circus/build/jestAdapterInit.js:757:3)\n    at runAndTransformResultsToJestFormat (/mnt/c/codigos/inneraiclone2/node_modules/jest-circus/build/jestAdapterInit.js:1920:21)\n    at jestAdapter (/mnt/c/codigos/inneraiclone2/node_modules/jest-circus/build/runner.js:101:19)\n    at runTestInternal (/mnt/c/codigos/inneraiclone2/node_modules/jest-runner/build/index.js:275:16)\n    at runTest (/mnt/c/codigos/inneraiclone2/node_modules/jest-runner/build/index.js:343:7)"],"fullName":"PaymentService Plan Management should check if user can upgrade","invocations":1,"location":null,"numPassingAsserts":0,"retryReasons":[],"startAt":1755696756870,"status":"failed","title":"should check if user can upgrade"},{"ancestorTitles":["PaymentService","Plan Management"],"duration":0,"failing":false,"failureDetails":[{}],"failureMessages":["TypeError: payment_service_1.PaymentService is not a constructor\n    at Object.<anonymous> (/mnt/c/codigos/inneraiclone2/tests/unit/payment-service.test.ts:81:22)\n    at Promise.finally.completed (/mnt/c/codigos/inneraiclone2/node_modules/jest-circus/build/jestAdapterInit.js:1559:28)\n    at new Promise (<anonymous>)\n    at callAsyncCircusFn (/mnt/c/codigos/inneraiclone2/node_modules/jest-circus/build/jestAdapterInit.js:1499:10)\n    at _callCircusHook (/mnt/c/codigos/inneraiclone2/node_modules/jest-circus/build/jestAdapterInit.js:978:40)\n    at _runTest (/mnt/c/codigos/inneraiclone2/node_modules/jest-circus/build/jestAdapterInit.js:943:5)\n    at _runTestsForDescribeBlock (/mnt/c/codigos/inneraiclone2/node_modules/jest-circus/build/jestAdapterInit.js:839:13)\n    at _runTestsForDescribeBlock (/mnt/c/codigos/inneraiclone2/node_modules/jest-circus/build/jestAdapterInit.js:829:11)\n    at _runTestsForDescribeBlock (/mnt/c/codigos/inneraiclone2/node_modules/jest-circus/build/jestAdapterInit.js:829:11)\n    at run (/mnt/c/codigos/inneraiclone2/node_modules/jest-circus/build/jestAdapterInit.js:757:3)\n    at runAndTransformResultsToJestFormat (/mnt/c/codigos/inneraiclone2/node_modules/jest-circus/build/jestAdapterInit.js:1920:21)\n    at jestAdapter (/mnt/c/codigos/inneraiclone2/node_modules/jest-circus/build/runner.js:101:19)\n    at runTestInternal (/mnt/c/codigos/inneraiclone2/node_modules/jest-runner/build/index.js:275:16)\n    at runTest (/mnt/c/codigos/inneraiclone2/node_modules/jest-runner/build/index.js:343:7)"],"fullName":"PaymentService Plan Management should check if user can downgrade","invocations":1,"location":null,"numPassingAsserts":0,"retryReasons":[],"startAt":1755696756871,"status":"failed","title":"should check if user can downgrade"},{"ancestorTitles":["PaymentService","Subscription Management"],"duration":0,"failing":false,"failureDetails":[{}],"failureMessages":["TypeError: payment_service_1.PaymentService is not a constructor\n    at Object.<anonymous> (/mnt/c/codigos/inneraiclone2/tests/unit/payment-service.test.ts:81:22)\n    at Promise.finally.completed (/mnt/c/codigos/inneraiclone2/node_modules/jest-circus/build/jestAdapterInit.js:1559:28)\n    at new Promise (<anonymous>)\n    at callAsyncCircusFn (/mnt/c/codigos/inneraiclone2/node_modules/jest-circus/build/jestAdapterInit.js:1499:10)\n    at _callCircusHook (/mnt/c/codigos/inneraiclone2/node_modules/jest-circus/build/jestAdapterInit.js:978:40)\n    at _runTest (/mnt/c/codigos/inneraiclone2/node_modules/jest-circus/build/jestAdapterInit.js:943:5)\n    at _runTestsForDescribeBlock (/mnt/c/codigos/inneraiclone2/node_modules/jest-circus/build/jestAdapterInit.js:839:13)\n    at _runTestsForDescribeBlock (/mnt/c/codigos/inneraiclone2/node_modules/jest-circus/build/jestAdapterInit.js:829:11)\n    at _runTestsForDescribeBlock (/mnt/c/codigos/inneraiclone2/node_modules/jest-circus/build/jestAdapterInit.js:829:11)\n    at run (/mnt/c/codigos/inneraiclone2/node_modules/jest-circus/build/jestAdapterInit.js:757:3)\n    at runAndTransformResultsToJestFormat (/mnt/c/codigos/inneraiclone2/node_modules/jest-circus/build/jestAdapterInit.js:1920:21)\n    at jestAdapter (/mnt/c/codigos/inneraiclone2/node_modules/jest-circus/build/runner.js:101:19)\n    at runTestInternal (/mnt/c/codigos/inneraiclone2/node_modules/jest-runner/build/index.js:275:16)\n    at runTest (/mnt/c/codigos/inneraiclone2/node_modules/jest-runner/build/index.js:343:7)"],"fullName":"PaymentService Subscription Management should create subscription record","invocations":1,"location":null,"numPassingAsserts":0,"retryReasons":[],"startAt":1755696756872,"status":"failed","title":"should create subscription record"},{"ancestorTitles":["PaymentService","Subscription Management"],"duration":1,"failing":false,"failureDetails":[{}],"failureMessages":["TypeError: payment_service_1.PaymentService is not a constructor\n    at Object.<anonymous> (/mnt/c/codigos/inneraiclone2/tests/unit/payment-service.test.ts:81:22)\n    at Promise.finally.completed (/mnt/c/codigos/inneraiclone2/node_modules/jest-circus/build/jestAdapterInit.js:1559:28)\n    at new Promise (<anonymous>)\n    at callAsyncCircusFn (/mnt/c/codigos/inneraiclone2/node_modules/jest-circus/build/jestAdapterInit.js:1499:10)\n    at _callCircusHook (/mnt/c/codigos/inneraiclone2/node_modules/jest-circus/build/jestAdapterInit.js:978:40)\n    at _runTest (/mnt/c/codigos/inneraiclone2/node_modules/jest-circus/build/jestAdapterInit.js:943:5)\n    at _runTestsForDescribeBlock (/mnt/c/codigos/inneraiclone2/node_modules/jest-circus/build/jestAdapterInit.js:839:13)\n    at _runTestsForDescribeBlock (/mnt/c/codigos/inneraiclone2/node_modules/jest-circus/build/jestAdapterInit.js:829:11)\n    at _runTestsForDescribeBlock (/mnt/c/codigos/inneraiclone2/node_modules/jest-circus/build/jestAdapterInit.js:829:11)\n    at run (/mnt/c/codigos/inneraiclone2/node_modules/jest-circus/build/jestAdapterInit.js:757:3)\n    at runAndTransformResultsToJestFormat (/mnt/c/codigos/inneraiclone2/node_modules/jest-circus/build/jestAdapterInit.js:1920:21)\n    at jestAdapter (/mnt/c/codigos/inneraiclone2/node_modules/jest-circus/build/runner.js:101:19)\n    at runTestInternal (/mnt/c/codigos/inneraiclone2/node_modules/jest-runner/build/index.js:275:16)\n    at runTest (/mnt/c/codigos/inneraiclone2/node_modules/jest-runner/build/index.js:343:7)"],"fullName":"PaymentService Subscription Management should update subscription status","invocations":1,"location":null,"numPassingAsserts":0,"retryReasons":[],"startAt":1755696756872,"status":"failed","title":"should update subscription status"},{"ancestorTitles":["PaymentService","Subscription Management"],"duration":1,"failing":false,"failureDetails":[{}],"failureMessages":["TypeError: payment_service_1.PaymentService is not a constructor\n    at Object.<anonymous> (/mnt/c/codigos/inneraiclone2/tests/unit/payment-service.test.ts:81:22)\n    at Promise.finally.completed (/mnt/c/codigos/inneraiclone2/node_modules/jest-circus/build/jestAdapterInit.js:1559:28)\n    at new Promise (<anonymous>)\n    at callAsyncCircusFn (/mnt/c/codigos/inneraiclone2/node_modules/jest-circus/build/jestAdapterInit.js:1499:10)\n    at _callCircusHook (/mnt/c/codigos/inneraiclone2/node_modules/jest-circus/build/jestAdapterInit.js:978:40)\n    at _runTest (/mnt/c/codigos/inneraiclone2/node_modules/jest-circus/build/jestAdapterInit.js:943:5)\n    at _runTestsForDescribeBlock (/mnt/c/codigos/inneraiclone2/node_modules/jest-circus/build/jestAdapterInit.js:839:13)\n    at _runTestsForDescribeBlock (/mnt/c/codigos/inneraiclone2/node_modules/jest-circus/build/jestAdapterInit.js:829:11)\n    at _runTestsForDescribeBlock (/mnt/c/codigos/inneraiclone2/node_modules/jest-circus/build/jestAdapterInit.js:829:11)\n    at run (/mnt/c/codigos/inneraiclone2/node_modules/jest-circus/build/jestAdapterInit.js:757:3)\n    at runAndTransformResultsToJestFormat (/mnt/c/codigos/inneraiclone2/node_modules/jest-circus/build/jestAdapterInit.js:1920:21)\n    at jestAdapter (/mnt/c/codigos/inneraiclone2/node_modules/jest-circus/build/runner.js:101:19)\n    at runTestInternal (/mnt/c/codigos/inneraiclone2/node_modules/jest-runner/build/index.js:275:16)\n    at runTest (/mnt/c/codigos/inneraiclone2/node_modules/jest-runner/build/index.js:343:7)"],"fullName":"PaymentService Subscription Management should get active subscription","invocations":1,"location":null,"numPassingAsserts":0,"retryReasons":[],"startAt":1755696756873,"status":"failed","title":"should get active subscription"},{"ancestorTitles":["PaymentService","Payment History"],"duration":1,"failing":false,"failureDetails":[{}],"failureMessages":["TypeError: payment_service_1.PaymentService is not a constructor\n    at Object.<anonymous> (/mnt/c/codigos/inneraiclone2/tests/unit/payment-service.test.ts:81:22)\n    at Promise.finally.completed (/mnt/c/codigos/inneraiclone2/node_modules/jest-circus/build/jestAdapterInit.js:1559:28)\n    at new Promise (<anonymous>)\n    at callAsyncCircusFn (/mnt/c/codigos/inneraiclone2/node_modules/jest-circus/build/jestAdapterInit.js:1499:10)\n    at _callCircusHook (/mnt/c/codigos/inneraiclone2/node_modules/jest-circus/build/jestAdapterInit.js:978:40)\n    at _runTest (/mnt/c/codigos/inneraiclone2/node_modules/jest-circus/build/jestAdapterInit.js:943:5)\n    at _runTestsForDescribeBlock (/mnt/c/codigos/inneraiclone2/node_modules/jest-circus/build/jestAdapterInit.js:839:13)\n    at _runTestsForDescribeBlock (/mnt/c/codigos/inneraiclone2/node_modules/jest-circus/build/jestAdapterInit.js:829:11)\n    at _runTestsForDescribeBlock (/mnt/c/codigos/inneraiclone2/node_modules/jest-circus/build/jestAdapterInit.js:829:11)\n    at run (/mnt/c/codigos/inneraiclone2/node_modules/jest-circus/build/jestAdapterInit.js:757:3)\n    at runAndTransformResultsToJestFormat (/mnt/c/codigos/inneraiclone2/node_modules/jest-circus/build/jestAdapterInit.js:1920:21)\n    at jestAdapter (/mnt/c/codigos/inneraiclone2/node_modules/jest-circus/build/runner.js:101:19)\n    at runTestInternal (/mnt/c/codigos/inneraiclone2/node_modules/jest-runner/build/index.js:275:16)\n    at runTest (/mnt/c/codigos/inneraiclone2/node_modules/jest-runner/build/index.js:343:7)"],"fullName":"PaymentService Payment History should record payment","invocations":1,"location":null,"numPassingAsserts":0,"retryReasons":[],"startAt":1755696756874,"status":"failed","title":"should record payment"},{"ancestorTitles":["PaymentService","Payment History"],"duration":0,"failing":false,"failureDetails":[{}],"failureMessages":["TypeError: payment_service_1.PaymentService is not a constructor\n    at Object.<anonymous> (/mnt/c/codigos/inneraiclone2/tests/unit/payment-service.test.ts:81:22)\n    at Promise.finally.completed (/mnt/c/codigos/inneraiclone2/node_modules/jest-circus/build/jestAdapterInit.js:1559:28)\n    at new Promise (<anonymous>)\n    at callAsyncCircusFn (/mnt/c/codigos/inneraiclone2/node_modules/jest-circus/build/jestAdapterInit.js:1499:10)\n    at _callCircusHook (/mnt/c/codigos/inneraiclone2/node_modules/jest-circus/build/jestAdapterInit.js:978:40)\n    at _runTest (/mnt/c/codigos/inneraiclone2/node_modules/jest-circus/build/jestAdapterInit.js:943:5)\n    at _runTestsForDescribeBlock (/mnt/c/codigos/inneraiclone2/node_modules/jest-circus/build/jestAdapterInit.js:839:13)\n    at _runTestsForDescribeBlock (/mnt/c/codigos/inneraiclone2/node_modules/jest-circus/build/jestAdapterInit.js:829:11)\n    at _runTestsForDescribeBlock (/mnt/c/codigos/inneraiclone2/node_modules/jest-circus/build/jestAdapterInit.js:829:11)\n    at run (/mnt/c/codigos/inneraiclone2/node_modules/jest-circus/build/jestAdapterInit.js:757:3)\n    at runAndTransformResultsToJestFormat (/mnt/c/codigos/inneraiclone2/node_modules/jest-circus/build/jestAdapterInit.js:1920:21)\n    at jestAdapter (/mnt/c/codigos/inneraiclone2/node_modules/jest-circus/build/runner.js:101:19)\n    at runTestInternal (/mnt/c/codigos/inneraiclone2/node_modules/jest-runner/build/index.js:275:16)\n    at runTest (/mnt/c/codigos/inneraiclone2/node_modules/jest-runner/build/index.js:343:7)"],"fullName":"PaymentService Payment History should get user payment history","invocations":1,"location":null,"numPassingAsserts":0,"retryReasons":[],"startAt":1755696756875,"status":"failed","title":"should get user payment history"},{"ancestorTitles":["PaymentService","Error Handling"],"duration":0,"failing":false,"failureDetails":[{}],"failureMessages":["TypeError: payment_service_1.PaymentService is not a constructor\n    at Object.<anonymous> (/mnt/c/codigos/inneraiclone2/tests/unit/payment-service.test.ts:81:22)\n    at Promise.finally.completed (/mnt/c/codigos/inneraiclone2/node_modules/jest-circus/build/jestAdapterInit.js:1559:28)\n    at new Promise (<anonymous>)\n    at callAsyncCircusFn (/mnt/c/codigos/inneraiclone2/node_modules/jest-circus/build/jestAdapterInit.js:1499:10)\n    at _callCircusHook (/mnt/c/codigos/inneraiclone2/node_modules/jest-circus/build/jestAdapterInit.js:978:40)\n    at _runTest (/mnt/c/codigos/inneraiclone2/node_modules/jest-circus/build/jestAdapterInit.js:943:5)\n    at _runTestsForDescribeBlock (/mnt/c/codigos/inneraiclone2/node_modules/jest-circus/build/jestAdapterInit.js:839:13)\n    at _runTestsForDescribeBlock (/mnt/c/codigos/inneraiclone2/node_modules/jest-circus/build/jestAdapterInit.js:829:11)\n    at _runTestsForDescribeBlock (/mnt/c/codigos/inneraiclone2/node_modules/jest-circus/build/jestAdapterInit.js:829:11)\n    at run (/mnt/c/codigos/inneraiclone2/node_modules/jest-circus/build/jestAdapterInit.js:757:3)\n    at runAndTransformResultsToJestFormat (/mnt/c/codigos/inneraiclone2/node_modules/jest-circus/build/jestAdapterInit.js:1920:21)\n    at jestAdapter (/mnt/c/codigos/inneraiclone2/node_modules/jest-circus/build/runner.js:101:19)\n    at runTestInternal (/mnt/c/codigos/inneraiclone2/node_modules/jest-runner/build/index.js:275:16)\n    at runTest (/mnt/c/codigos/inneraiclone2/node_modules/jest-runner/build/index.js:343:7)"],"fullName":"PaymentService Error Handling should handle Stripe API errors","invocations":1,"location":null,"numPassingAsserts":0,"retryReasons":[],"startAt":1755696756880,"status":"failed","title":"should handle Stripe API errors"},{"ancestorTitles":["PaymentService","Error Handling"],"duration":0,"failing":false,"failureDetails":[{}],"failureMessages":["TypeError: payment_service_1.PaymentService is not a constructor\n    at Object.<anonymous> (/mnt/c/codigos/inneraiclone2/tests/unit/payment-service.test.ts:81:22)\n    at Promise.finally.completed (/mnt/c/codigos/inneraiclone2/node_modules/jest-circus/build/jestAdapterInit.js:1559:28)\n    at new Promise (<anonymous>)\n    at callAsyncCircusFn (/mnt/c/codigos/inneraiclone2/node_modules/jest-circus/build/jestAdapterInit.js:1499:10)\n    at _callCircusHook (/mnt/c/codigos/inneraiclone2/node_modules/jest-circus/build/jestAdapterInit.js:978:40)\n    at _runTest (/mnt/c/codigos/inneraiclone2/node_modules/jest-circus/build/jestAdapterInit.js:943:5)\n    at _runTestsForDescribeBlock (/mnt/c/codigos/inneraiclone2/node_modules/jest-circus/build/jestAdapterInit.js:839:13)\n    at _runTestsForDescribeBlock (/mnt/c/codigos/inneraiclone2/node_modules/jest-circus/build/jestAdapterInit.js:829:11)\n    at _runTestsForDescribeBlock (/mnt/c/codigos/inneraiclone2/node_modules/jest-circus/build/jestAdapterInit.js:829:11)\n    at run (/mnt/c/codigos/inneraiclone2/node_modules/jest-circus/build/jestAdapterInit.js:757:3)\n    at runAndTransformResultsToJestFormat (/mnt/c/codigos/inneraiclone2/node_modules/jest-circus/build/jestAdapterInit.js:1920:21)\n    at jestAdapter (/mnt/c/codigos/inneraiclone2/node_modules/jest-circus/build/runner.js:101:19)\n    at runTestInternal (/mnt/c/codigos/inneraiclone2/node_modules/jest-runner/build/index.js:275:16)\n    at runTest (/mnt/c/codigos/inneraiclone2/node_modules/jest-runner/build/index.js:343:7)"],"fullName":"PaymentService Error Handling should handle MercadoPago API errors","invocations":1,"location":null,"numPassingAsserts":0,"retryReasons":[],"startAt":1755696756881,"status":"failed","title":"should handle MercadoPago API errors"},{"ancestorTitles":["PaymentService","Error Handling"],"duration":1,"failing":false,"failureDetails":[{}],"failureMessages":["TypeError: payment_service_1.PaymentService is not a constructor\n    at Object.<anonymous> (/mnt/c/codigos/inneraiclone2/tests/unit/payment-service.test.ts:81:22)\n    at Promise.finally.completed (/mnt/c/codigos/inneraiclone2/node_modules/jest-circus/build/jestAdapterInit.js:1559:28)\n    at new Promise (<anonymous>)\n    at callAsyncCircusFn (/mnt/c/codigos/inneraiclone2/node_modules/jest-circus/build/jestAdapterInit.js:1499:10)\n    at _callCircusHook (/mnt/c/codigos/inneraiclone2/node_modules/jest-circus/build/jestAdapterInit.js:978:40)\n    at _runTest (/mnt/c/codigos/inneraiclone2/node_modules/jest-circus/build/jestAdapterInit.js:943:5)\n    at _runTestsForDescribeBlock (/mnt/c/codigos/inneraiclone2/node_modules/jest-circus/build/jestAdapterInit.js:839:13)\n    at _runTestsForDescribeBlock (/mnt/c/codigos/inneraiclone2/node_modules/jest-circus/build/jestAdapterInit.js:829:11)\n    at _runTestsForDescribeBlock (/mnt/c/codigos/inneraiclone2/node_modules/jest-circus/build/jestAdapterInit.js:829:11)\n    at run (/mnt/c/codigos/inneraiclone2/node_modules/jest-circus/build/jestAdapterInit.js:757:3)\n    at runAndTransformResultsToJestFormat (/mnt/c/codigos/inneraiclone2/node_modules/jest-circus/build/jestAdapterInit.js:1920:21)\n    at jestAdapter (/mnt/c/codigos/inneraiclone2/node_modules/jest-circus/build/runner.js:101:19)\n    at runTestInternal (/mnt/c/codigos/inneraiclone2/node_modules/jest-runner/build/index.js:275:16)\n    at runTest (/mnt/c/codigos/inneraiclone2/node_modules/jest-runner/build/index.js:343:7)"],"fullName":"PaymentService Error Handling should handle user not found","invocations":1,"location":null,"numPassingAsserts":0,"retryReasons":[],"startAt":1755696756881,"status":"failed","title":"should handle user not found"}],"endTime":1755696756993,"message":"  ● PaymentService › Stripe Integration › should create checkout session for valid plan\n\n    TypeError: payment_service_1.PaymentService is not a constructor\n\n      79 |     (MercadoPagoConfig as jest.Mock).mockImplementation(() => mockMercadoPago);\n      80 |\n    > 81 |     paymentService = new PaymentService();\n         |                      ^\n      82 |   });\n      83 |\n      84 |   describe('Stripe Integration', () => {\n\n      at Object.<anonymous> (tests/unit/payment-service.test.ts:81:22)\n\n  ● PaymentService › Stripe Integration › should create Stripe customer if not exists\n\n    TypeError: payment_service_1.PaymentService is not a constructor\n\n      79 |     (MercadoPagoConfig as jest.Mock).mockImplementation(() => mockMercadoPago);\n      80 |\n    > 81 |     paymentService = new PaymentService();\n         |                      ^\n      82 |   });\n      83 |\n      84 |   describe('Stripe Integration', () => {\n\n      at Object.<anonymous> (tests/unit/payment-service.test.ts:81:22)\n\n  ● PaymentService › Stripe Integration › should handle Stripe webhook events\n\n    TypeError: payment_service_1.PaymentService is not a constructor\n\n      79 |     (MercadoPagoConfig as jest.Mock).mockImplementation(() => mockMercadoPago);\n      80 |\n    > 81 |     paymentService = new PaymentService();\n         |                      ^\n      82 |   });\n      83 |\n      84 |   describe('Stripe Integration', () => {\n\n      at Object.<anonymous> (tests/unit/payment-service.test.ts:81:22)\n\n  ● PaymentService › Stripe Integration › should cancel Stripe subscription\n\n    TypeError: payment_service_1.PaymentService is not a constructor\n\n      79 |     (MercadoPagoConfig as jest.Mock).mockImplementation(() => mockMercadoPago);\n      80 |\n    > 81 |     paymentService = new PaymentService();\n         |                      ^\n      82 |   });\n      83 |\n      84 |   describe('Stripe Integration', () => {\n\n      at Object.<anonymous> (tests/unit/payment-service.test.ts:81:22)\n\n  ● PaymentService › Stripe Integration › should throw error for invalid plan\n\n    TypeError: payment_service_1.PaymentService is not a constructor\n\n      79 |     (MercadoPagoConfig as jest.Mock).mockImplementation(() => mockMercadoPago);\n      80 |\n    > 81 |     paymentService = new PaymentService();\n         |                      ^\n      82 |   });\n      83 |\n      84 |   describe('Stripe Integration', () => {\n\n      at Object.<anonymous> (tests/unit/payment-service.test.ts:81:22)\n\n  ● PaymentService › MercadoPago Integration › should create MercadoPago preference\n\n    TypeError: payment_service_1.PaymentService is not a constructor\n\n      79 |     (MercadoPagoConfig as jest.Mock).mockImplementation(() => mockMercadoPago);\n      80 |\n    > 81 |     paymentService = new PaymentService();\n         |                      ^\n      82 |   });\n      83 |\n      84 |   describe('Stripe Integration', () => {\n\n      at Object.<anonymous> (tests/unit/payment-service.test.ts:81:22)\n\n  ● PaymentService › MercadoPago Integration › should handle PIX payment\n\n    TypeError: payment_service_1.PaymentService is not a constructor\n\n      79 |     (MercadoPagoConfig as jest.Mock).mockImplementation(() => mockMercadoPago);\n      80 |\n    > 81 |     paymentService = new PaymentService();\n         |                      ^\n      82 |   });\n      83 |\n      84 |   describe('Stripe Integration', () => {\n\n      at Object.<anonymous> (tests/unit/payment-service.test.ts:81:22)\n\n  ● PaymentService › MercadoPago Integration › should process MercadoPago webhook\n\n    TypeError: payment_service_1.PaymentService is not a constructor\n\n      79 |     (MercadoPagoConfig as jest.Mock).mockImplementation(() => mockMercadoPago);\n      80 |\n    > 81 |     paymentService = new PaymentService();\n         |                      ^\n      82 |   });\n      83 |\n      84 |   describe('Stripe Integration', () => {\n\n      at Object.<anonymous> (tests/unit/payment-service.test.ts:81:22)\n\n  ● PaymentService › MercadoPago Integration › should support installments for credit card\n\n    TypeError: payment_service_1.PaymentService is not a constructor\n\n      79 |     (MercadoPagoConfig as jest.Mock).mockImplementation(() => mockMercadoPago);\n      80 |\n    > 81 |     paymentService = new PaymentService();\n         |                      ^\n      82 |   });\n      83 |\n      84 |   describe('Stripe Integration', () => {\n\n      at Object.<anonymous> (tests/unit/payment-service.test.ts:81:22)\n\n  ● PaymentService › Plan Management › should validate plan exists\n\n    TypeError: payment_service_1.PaymentService is not a constructor\n\n      79 |     (MercadoPagoConfig as jest.Mock).mockImplementation(() => mockMercadoPago);\n      80 |\n    > 81 |     paymentService = new PaymentService();\n         |                      ^\n      82 |   });\n      83 |\n      84 |   describe('Stripe Integration', () => {\n\n      at Object.<anonymous> (tests/unit/payment-service.test.ts:81:22)\n\n  ● PaymentService › Plan Management › should get plan details\n\n    TypeError: payment_service_1.PaymentService is not a constructor\n\n      79 |     (MercadoPagoConfig as jest.Mock).mockImplementation(() => mockMercadoPago);\n      80 |\n    > 81 |     paymentService = new PaymentService();\n         |                      ^\n      82 |   });\n      83 |\n      84 |   describe('Stripe Integration', () => {\n\n      at Object.<anonymous> (tests/unit/payment-service.test.ts:81:22)\n\n  ● PaymentService › Plan Management › should calculate plan price with discount\n\n    TypeError: payment_service_1.PaymentService is not a constructor\n\n      79 |     (MercadoPagoConfig as jest.Mock).mockImplementation(() => mockMercadoPago);\n      80 |\n    > 81 |     paymentService = new PaymentService();\n         |                      ^\n      82 |   });\n      83 |\n      84 |   describe('Stripe Integration', () => {\n\n      at Object.<anonymous> (tests/unit/payment-service.test.ts:81:22)\n\n  ● PaymentService › Plan Management › should check if user can upgrade\n\n    TypeError: payment_service_1.PaymentService is not a constructor\n\n      79 |     (MercadoPagoConfig as jest.Mock).mockImplementation(() => mockMercadoPago);\n      80 |\n    > 81 |     paymentService = new PaymentService();\n         |                      ^\n      82 |   });\n      83 |\n      84 |   describe('Stripe Integration', () => {\n\n      at Object.<anonymous> (tests/unit/payment-service.test.ts:81:22)\n\n  ● PaymentService › Plan Management › should check if user can downgrade\n\n    TypeError: payment_service_1.PaymentService is not a constructor\n\n      79 |     (MercadoPagoConfig as jest.Mock).mockImplementation(() => mockMercadoPago);\n      80 |\n    > 81 |     paymentService = new PaymentService();\n         |                      ^\n      82 |   });\n      83 |\n      84 |   describe('Stripe Integration', () => {\n\n      at Object.<anonymous> (tests/unit/payment-service.test.ts:81:22)\n\n  ● PaymentService › Subscription Management › should create subscription record\n\n    TypeError: payment_service_1.PaymentService is not a constructor\n\n      79 |     (MercadoPagoConfig as jest.Mock).mockImplementation(() => mockMercadoPago);\n      80 |\n    > 81 |     paymentService = new PaymentService();\n         |                      ^\n      82 |   });\n      83 |\n      84 |   describe('Stripe Integration', () => {\n\n      at Object.<anonymous> (tests/unit/payment-service.test.ts:81:22)\n\n  ● PaymentService › Subscription Management › should update subscription status\n\n    TypeError: payment_service_1.PaymentService is not a constructor\n\n      79 |     (MercadoPagoConfig as jest.Mock).mockImplementation(() => mockMercadoPago);\n      80 |\n    > 81 |     paymentService = new PaymentService();\n         |                      ^\n      82 |   });\n      83 |\n      84 |   describe('Stripe Integration', () => {\n\n      at Object.<anonymous> (tests/unit/payment-service.test.ts:81:22)\n\n  ● PaymentService › Subscription Management › should get active subscription\n\n    TypeError: payment_service_1.PaymentService is not a constructor\n\n      79 |     (MercadoPagoConfig as jest.Mock).mockImplementation(() => mockMercadoPago);\n      80 |\n    > 81 |     paymentService = new PaymentService();\n         |                      ^\n      82 |   });\n      83 |\n      84 |   describe('Stripe Integration', () => {\n\n      at Object.<anonymous> (tests/unit/payment-service.test.ts:81:22)\n\n  ● PaymentService › Payment History › should record payment\n\n    TypeError: payment_service_1.PaymentService is not a constructor\n\n      79 |     (MercadoPagoConfig as jest.Mock).mockImplementation(() => mockMercadoPago);\n      80 |\n    > 81 |     paymentService = new PaymentService();\n         |                      ^\n      82 |   });\n      83 |\n      84 |   describe('Stripe Integration', () => {\n\n      at Object.<anonymous> (tests/unit/payment-service.test.ts:81:22)\n\n  ● PaymentService › Payment History › should get user payment history\n\n    TypeError: payment_service_1.PaymentService is not a constructor\n\n      79 |     (MercadoPagoConfig as jest.Mock).mockImplementation(() => mockMercadoPago);\n      80 |\n    > 81 |     paymentService = new PaymentService();\n         |                      ^\n      82 |   });\n      83 |\n      84 |   describe('Stripe Integration', () => {\n\n      at Object.<anonymous> (tests/unit/payment-service.test.ts:81:22)\n\n  ● PaymentService › Error Handling › should handle Stripe API errors\n\n    TypeError: payment_service_1.PaymentService is not a constructor\n\n      79 |     (MercadoPagoConfig as jest.Mock).mockImplementation(() => mockMercadoPago);\n      80 |\n    > 81 |     paymentService = new PaymentService();\n         |                      ^\n      82 |   });\n      83 |\n      84 |   describe('Stripe Integration', () => {\n\n      at Object.<anonymous> (tests/unit/payment-service.test.ts:81:22)\n\n  ● PaymentService › Error Handling › should handle MercadoPago API errors\n\n    TypeError: payment_service_1.PaymentService is not a constructor\n\n      79 |     (MercadoPagoConfig as jest.Mock).mockImplementation(() => mockMercadoPago);\n      80 |\n    > 81 |     paymentService = new PaymentService();\n         |                      ^\n      82 |   });\n      83 |\n      84 |   describe('Stripe Integration', () => {\n\n      at Object.<anonymous> (tests/unit/payment-service.test.ts:81:22)\n\n  ● PaymentService › Error Handling › should handle user not found\n\n    TypeError: payment_service_1.PaymentService is not a constructor\n\n      79 |     (MercadoPagoConfig as jest.Mock).mockImplementation(() => mockMercadoPago);\n      80 |\n    > 81 |     paymentService = new PaymentService();\n         |                      ^\n      82 |   });\n      83 |\n      84 |   describe('Stripe Integration', () => {\n\n      at Object.<anonymous> (tests/unit/payment-service.test.ts:81:22)\n","name":"/mnt/c/codigos/inneraiclone2/tests/unit/payment-service.test.ts","startTime":1755696742981,"status":"failed","summary":""},{"assertionResults":[{"ancestorTitles":["React Hooks","useAuth"],"duration":1,"failing":false,"failureDetails":[{}],"failureMessages":["ReferenceError: document is not defined\n    at render (/mnt/c/codigos/inneraiclone2/node_modules/@testing-library/react/dist/pure.js:257:5)\n    at renderHook (/mnt/c/codigos/inneraiclone2/node_modules/@testing-library/react/dist/pure.js:340:7)\n    at Object.<anonymous> (/mnt/c/codigos/inneraiclone2/tests/unit/hooks.test.tsx:20:36)\n    at Promise.finally.completed (/mnt/c/codigos/inneraiclone2/node_modules/jest-circus/build/jestAdapterInit.js:1559:28)\n    at new Promise (<anonymous>)\n    at callAsyncCircusFn (/mnt/c/codigos/inneraiclone2/node_modules/jest-circus/build/jestAdapterInit.js:1499:10)\n    at _callCircusTest (/mnt/c/codigos/inneraiclone2/node_modules/jest-circus/build/jestAdapterInit.js:1009:40)\n    at _runTest (/mnt/c/codigos/inneraiclone2/node_modules/jest-circus/build/jestAdapterInit.js:949:3)\n    at _runTestsForDescribeBlock (/mnt/c/codigos/inneraiclone2/node_modules/jest-circus/build/jestAdapterInit.js:839:13)\n    at _runTestsForDescribeBlock (/mnt/c/codigos/inneraiclone2/node_modules/jest-circus/build/jestAdapterInit.js:829:11)\n    at _runTestsForDescribeBlock (/mnt/c/codigos/inneraiclone2/node_modules/jest-circus/build/jestAdapterInit.js:829:11)\n    at run (/mnt/c/codigos/inneraiclone2/node_modules/jest-circus/build/jestAdapterInit.js:757:3)\n    at runAndTransformResultsToJestFormat (/mnt/c/codigos/inneraiclone2/node_modules/jest-circus/build/jestAdapterInit.js:1920:21)\n    at jestAdapter (/mnt/c/codigos/inneraiclone2/node_modules/jest-circus/build/runner.js:101:19)\n    at runTestInternal (/mnt/c/codigos/inneraiclone2/node_modules/jest-runner/build/index.js:275:16)\n    at runTest (/mnt/c/codigos/inneraiclone2/node_modules/jest-runner/build/index.js:343:7)"],"fullName":"React Hooks useAuth should return user session when authenticated","invocations":1,"location":null,"numPassingAsserts":0,"retryReasons":[],"startAt":1755696763942,"status":"failed","title":"should return user session when authenticated"},{"ancestorTitles":["React Hooks","useAuth"],"duration":0,"failing":false,"failureDetails":[{}],"failureMessages":["ReferenceError: document is not defined\n    at render (/mnt/c/codigos/inneraiclone2/node_modules/@testing-library/react/dist/pure.js:257:5)\n    at renderHook (/mnt/c/codigos/inneraiclone2/node_modules/@testing-library/react/dist/pure.js:340:7)\n    at Object.<anonymous> (/mnt/c/codigos/inneraiclone2/tests/unit/hooks.test.tsx:33:36)\n    at Promise.finally.completed (/mnt/c/codigos/inneraiclone2/node_modules/jest-circus/build/jestAdapterInit.js:1559:28)\n    at new Promise (<anonymous>)\n    at callAsyncCircusFn (/mnt/c/codigos/inneraiclone2/node_modules/jest-circus/build/jestAdapterInit.js:1499:10)\n    at _callCircusTest (/mnt/c/codigos/inneraiclone2/node_modules/jest-circus/build/jestAdapterInit.js:1009:40)\n    at _runTest (/mnt/c/codigos/inneraiclone2/node_modules/jest-circus/build/jestAdapterInit.js:949:3)\n    at _runTestsForDescribeBlock (/mnt/c/codigos/inneraiclone2/node_modules/jest-circus/build/jestAdapterInit.js:839:13)\n    at _runTestsForDescribeBlock (/mnt/c/codigos/inneraiclone2/node_modules/jest-circus/build/jestAdapterInit.js:829:11)\n    at _runTestsForDescribeBlock (/mnt/c/codigos/inneraiclone2/node_modules/jest-circus/build/jestAdapterInit.js:829:11)\n    at run (/mnt/c/codigos/inneraiclone2/node_modules/jest-circus/build/jestAdapterInit.js:757:3)\n    at runAndTransformResultsToJestFormat (/mnt/c/codigos/inneraiclone2/node_modules/jest-circus/build/jestAdapterInit.js:1920:21)\n    at jestAdapter (/mnt/c/codigos/inneraiclone2/node_modules/jest-circus/build/runner.js:101:19)\n    at runTestInternal (/mnt/c/codigos/inneraiclone2/node_modules/jest-runner/build/index.js:275:16)\n    at runTest (/mnt/c/codigos/inneraiclone2/node_modules/jest-runner/build/index.js:343:7)"],"fullName":"React Hooks useAuth should return null user when unauthenticated","invocations":1,"location":null,"numPassingAsserts":0,"retryReasons":[],"startAt":1755696763979,"status":"failed","title":"should return null user when unauthenticated"},{"ancestorTitles":["React Hooks","useAuth"],"duration":1,"failing":false,"failureDetails":[{}],"failureMessages":["ReferenceError: document is not defined\n    at render (/mnt/c/codigos/inneraiclone2/node_modules/@testing-library/react/dist/pure.js:257:5)\n    at renderHook (/mnt/c/codigos/inneraiclone2/node_modules/@testing-library/react/dist/pure.js:340:7)\n    at Object.<anonymous> (/mnt/c/codigos/inneraiclone2/tests/unit/hooks.test.tsx:46:36)\n    at Promise.finally.completed (/mnt/c/codigos/inneraiclone2/node_modules/jest-circus/build/jestAdapterInit.js:1559:28)\n    at new Promise (<anonymous>)\n    at callAsyncCircusFn (/mnt/c/codigos/inneraiclone2/node_modules/jest-circus/build/jestAdapterInit.js:1499:10)\n    at _callCircusTest (/mnt/c/codigos/inneraiclone2/node_modules/jest-circus/build/jestAdapterInit.js:1009:40)\n    at _runTest (/mnt/c/codigos/inneraiclone2/node_modules/jest-circus/build/jestAdapterInit.js:949:3)\n    at _runTestsForDescribeBlock (/mnt/c/codigos/inneraiclone2/node_modules/jest-circus/build/jestAdapterInit.js:839:13)\n    at _runTestsForDescribeBlock (/mnt/c/codigos/inneraiclone2/node_modules/jest-circus/build/jestAdapterInit.js:829:11)\n    at _runTestsForDescribeBlock (/mnt/c/codigos/inneraiclone2/node_modules/jest-circus/build/jestAdapterInit.js:829:11)\n    at run (/mnt/c/codigos/inneraiclone2/node_modules/jest-circus/build/jestAdapterInit.js:757:3)\n    at runAndTransformResultsToJestFormat (/mnt/c/codigos/inneraiclone2/node_modules/jest-circus/build/jestAdapterInit.js:1920:21)\n    at jestAdapter (/mnt/c/codigos/inneraiclone2/node_modules/jest-circus/build/runner.js:101:19)\n    at runTestInternal (/mnt/c/codigos/inneraiclone2/node_modules/jest-runner/build/index.js:275:16)\n    at runTest (/mnt/c/codigos/inneraiclone2/node_modules/jest-runner/build/index.js:343:7)"],"fullName":"React Hooks useAuth should show loading state","invocations":1,"location":null,"numPassingAsserts":0,"retryReasons":[],"startAt":1755696763981,"status":"failed","title":"should show loading state"},{"ancestorTitles":["React Hooks","useAuth"],"duration":0,"failing":false,"failureDetails":[{}],"failureMessages":["ReferenceError: document is not defined\n    at render (/mnt/c/codigos/inneraiclone2/node_modules/@testing-library/react/dist/pure.js:257:5)\n    at renderHook (/mnt/c/codigos/inneraiclone2/node_modules/@testing-library/react/dist/pure.js:340:7)\n    at Object.<anonymous> (/mnt/c/codigos/inneraiclone2/tests/unit/hooks.test.tsx:59:36)\n    at Promise.finally.completed (/mnt/c/codigos/inneraiclone2/node_modules/jest-circus/build/jestAdapterInit.js:1559:28)\n    at new Promise (<anonymous>)\n    at callAsyncCircusFn (/mnt/c/codigos/inneraiclone2/node_modules/jest-circus/build/jestAdapterInit.js:1499:10)\n    at _callCircusTest (/mnt/c/codigos/inneraiclone2/node_modules/jest-circus/build/jestAdapterInit.js:1009:40)\n    at _runTest (/mnt/c/codigos/inneraiclone2/node_modules/jest-circus/build/jestAdapterInit.js:949:3)\n    at _runTestsForDescribeBlock (/mnt/c/codigos/inneraiclone2/node_modules/jest-circus/build/jestAdapterInit.js:839:13)\n    at _runTestsForDescribeBlock (/mnt/c/codigos/inneraiclone2/node_modules/jest-circus/build/jestAdapterInit.js:829:11)\n    at _runTestsForDescribeBlock (/mnt/c/codigos/inneraiclone2/node_modules/jest-circus/build/jestAdapterInit.js:829:11)\n    at run (/mnt/c/codigos/inneraiclone2/node_modules/jest-circus/build/jestAdapterInit.js:757:3)\n    at runAndTransformResultsToJestFormat (/mnt/c/codigos/inneraiclone2/node_modules/jest-circus/build/jestAdapterInit.js:1920:21)\n    at jestAdapter (/mnt/c/codigos/inneraiclone2/node_modules/jest-circus/build/runner.js:101:19)\n    at runTestInternal (/mnt/c/codigos/inneraiclone2/node_modules/jest-runner/build/index.js:275:16)\n    at runTest (/mnt/c/codigos/inneraiclone2/node_modules/jest-runner/build/index.js:343:7)"],"fullName":"React Hooks useAuth should check user permissions","invocations":1,"location":null,"numPassingAsserts":0,"retryReasons":[],"startAt":1755696763982,"status":"failed","title":"should check user permissions"},{"ancestorTitles":["React Hooks","useAuth"],"duration":0,"failing":false,"failureDetails":[{}],"failureMessages":["ReferenceError: document is not defined\n    at render (/mnt/c/codigos/inneraiclone2/node_modules/@testing-library/react/dist/pure.js:257:5)\n    at renderHook (/mnt/c/codigos/inneraiclone2/node_modules/@testing-library/react/dist/pure.js:340:7)\n    at Object.<anonymous> (/mnt/c/codigos/inneraiclone2/tests/unit/hooks.test.tsx:72:36)\n    at Promise.finally.completed (/mnt/c/codigos/inneraiclone2/node_modules/jest-circus/build/jestAdapterInit.js:1559:28)\n    at new Promise (<anonymous>)\n    at callAsyncCircusFn (/mnt/c/codigos/inneraiclone2/node_modules/jest-circus/build/jestAdapterInit.js:1499:10)\n    at _callCircusTest (/mnt/c/codigos/inneraiclone2/node_modules/jest-circus/build/jestAdapterInit.js:1009:40)\n    at _runTest (/mnt/c/codigos/inneraiclone2/node_modules/jest-circus/build/jestAdapterInit.js:949:3)\n    at _runTestsForDescribeBlock (/mnt/c/codigos/inneraiclone2/node_modules/jest-circus/build/jestAdapterInit.js:839:13)\n    at _runTestsForDescribeBlock (/mnt/c/codigos/inneraiclone2/node_modules/jest-circus/build/jestAdapterInit.js:829:11)\n    at _runTestsForDescribeBlock (/mnt/c/codigos/inneraiclone2/node_modules/jest-circus/build/jestAdapterInit.js:829:11)\n    at run (/mnt/c/codigos/inneraiclone2/node_modules/jest-circus/build/jestAdapterInit.js:757:3)\n    at runAndTransformResultsToJestFormat (/mnt/c/codigos/inneraiclone2/node_modules/jest-circus/build/jestAdapterInit.js:1920:21)\n    at jestAdapter (/mnt/c/codigos/inneraiclone2/node_modules/jest-circus/build/runner.js:101:19)\n    at runTestInternal (/mnt/c/codigos/inneraiclone2/node_modules/jest-runner/build/index.js:275:16)\n    at runTest (/mnt/c/codigos/inneraiclone2/node_modules/jest-runner/build/index.js:343:7)"],"fullName":"React Hooks useAuth should check plan permissions","invocations":1,"location":null,"numPassingAsserts":0,"retryReasons":[],"startAt":1755696763982,"status":"failed","title":"should check plan permissions"},{"ancestorTitles":["React Hooks","useChat"],"duration":0,"failing":false,"failureDetails":[{}],"failureMessages":["ReferenceError: document is not defined\n    at render (/mnt/c/codigos/inneraiclone2/node_modules/@testing-library/react/dist/pure.js:257:5)\n    at renderHook (/mnt/c/codigos/inneraiclone2/node_modules/@testing-library/react/dist/pure.js:340:7)\n    at Object.<anonymous> (/mnt/c/codigos/inneraiclone2/tests/unit/hooks.test.tsx:83:36)\n    at Promise.finally.completed (/mnt/c/codigos/inneraiclone2/node_modules/jest-circus/build/jestAdapterInit.js:1559:28)\n    at new Promise (<anonymous>)\n    at callAsyncCircusFn (/mnt/c/codigos/inneraiclone2/node_modules/jest-circus/build/jestAdapterInit.js:1499:10)\n    at _callCircusTest (/mnt/c/codigos/inneraiclone2/node_modules/jest-circus/build/jestAdapterInit.js:1009:40)\n    at _runTest (/mnt/c/codigos/inneraiclone2/node_modules/jest-circus/build/jestAdapterInit.js:949:3)\n    at _runTestsForDescribeBlock (/mnt/c/codigos/inneraiclone2/node_modules/jest-circus/build/jestAdapterInit.js:839:13)\n    at _runTestsForDescribeBlock (/mnt/c/codigos/inneraiclone2/node_modules/jest-circus/build/jestAdapterInit.js:829:11)\n    at _runTestsForDescribeBlock (/mnt/c/codigos/inneraiclone2/node_modules/jest-circus/build/jestAdapterInit.js:829:11)\n    at run (/mnt/c/codigos/inneraiclone2/node_modules/jest-circus/build/jestAdapterInit.js:757:3)\n    at runAndTransformResultsToJestFormat (/mnt/c/codigos/inneraiclone2/node_modules/jest-circus/build/jestAdapterInit.js:1920:21)\n    at jestAdapter (/mnt/c/codigos/inneraiclone2/node_modules/jest-circus/build/runner.js:101:19)\n    at runTestInternal (/mnt/c/codigos/inneraiclone2/node_modules/jest-runner/build/index.js:275:16)\n    at runTest (/mnt/c/codigos/inneraiclone2/node_modules/jest-runner/build/index.js:343:7)"],"fullName":"React Hooks useChat should manage chat state","invocations":1,"location":null,"numPassingAsserts":0,"retryReasons":[],"startAt":1755696763983,"status":"failed","title":"should manage chat state"},{"ancestorTitles":["React Hooks","useChat"],"duration":0,"failing":false,"failureDetails":[{}],"failureMessages":["ReferenceError: document is not defined\n    at render (/mnt/c/codigos/inneraiclone2/node_modules/@testing-library/react/dist/pure.js:257:5)\n    at renderHook (/mnt/c/codigos/inneraiclone2/node_modules/@testing-library/react/dist/pure.js:340:7)\n    at Object.<anonymous> (/mnt/c/codigos/inneraiclone2/tests/unit/hooks.test.tsx:100:36)\n    at Promise.finally.completed (/mnt/c/codigos/inneraiclone2/node_modules/jest-circus/build/jestAdapterInit.js:1559:28)\n    at new Promise (<anonymous>)\n    at callAsyncCircusFn (/mnt/c/codigos/inneraiclone2/node_modules/jest-circus/build/jestAdapterInit.js:1499:10)\n    at _callCircusTest (/mnt/c/codigos/inneraiclone2/node_modules/jest-circus/build/jestAdapterInit.js:1009:40)\n    at _runTest (/mnt/c/codigos/inneraiclone2/node_modules/jest-circus/build/jestAdapterInit.js:949:3)\n    at _runTestsForDescribeBlock (/mnt/c/codigos/inneraiclone2/node_modules/jest-circus/build/jestAdapterInit.js:839:13)\n    at _runTestsForDescribeBlock (/mnt/c/codigos/inneraiclone2/node_modules/jest-circus/build/jestAdapterInit.js:829:11)\n    at _runTestsForDescribeBlock (/mnt/c/codigos/inneraiclone2/node_modules/jest-circus/build/jestAdapterInit.js:829:11)\n    at run (/mnt/c/codigos/inneraiclone2/node_modules/jest-circus/build/jestAdapterInit.js:757:3)\n    at runAndTransformResultsToJestFormat (/mnt/c/codigos/inneraiclone2/node_modules/jest-circus/build/jestAdapterInit.js:1920:21)\n    at jestAdapter (/mnt/c/codigos/inneraiclone2/node_modules/jest-circus/build/runner.js:101:19)\n    at runTestInternal (/mnt/c/codigos/inneraiclone2/node_modules/jest-runner/build/index.js:275:16)\n    at runTest (/mnt/c/codigos/inneraiclone2/node_modules/jest-runner/build/index.js:343:7)"],"fullName":"React Hooks useChat should handle streaming responses","invocations":1,"location":null,"numPassingAsserts":0,"retryReasons":[],"startAt":1755696763983,"status":"failed","title":"should handle streaming responses"},{"ancestorTitles":["React Hooks","useChat"],"duration":0,"failing":false,"failureDetails":[{}],"failureMessages":["ReferenceError: document is not defined\n    at render (/mnt/c/codigos/inneraiclone2/node_modules/@testing-library/react/dist/pure.js:257:5)\n    at renderHook (/mnt/c/codigos/inneraiclone2/node_modules/@testing-library/react/dist/pure.js:340:7)\n    at Object.<anonymous> (/mnt/c/codigos/inneraiclone2/tests/unit/hooks.test.tsx:114:36)\n    at Promise.finally.completed (/mnt/c/codigos/inneraiclone2/node_modules/jest-circus/build/jestAdapterInit.js:1559:28)\n    at new Promise (<anonymous>)\n    at callAsyncCircusFn (/mnt/c/codigos/inneraiclone2/node_modules/jest-circus/build/jestAdapterInit.js:1499:10)\n    at _callCircusTest (/mnt/c/codigos/inneraiclone2/node_modules/jest-circus/build/jestAdapterInit.js:1009:40)\n    at _runTest (/mnt/c/codigos/inneraiclone2/node_modules/jest-circus/build/jestAdapterInit.js:949:3)\n    at _runTestsForDescribeBlock (/mnt/c/codigos/inneraiclone2/node_modules/jest-circus/build/jestAdapterInit.js:839:13)\n    at _runTestsForDescribeBlock (/mnt/c/codigos/inneraiclone2/node_modules/jest-circus/build/jestAdapterInit.js:829:11)\n    at _runTestsForDescribeBlock (/mnt/c/codigos/inneraiclone2/node_modules/jest-circus/build/jestAdapterInit.js:829:11)\n    at run (/mnt/c/codigos/inneraiclone2/node_modules/jest-circus/build/jestAdapterInit.js:757:3)\n    at runAndTransformResultsToJestFormat (/mnt/c/codigos/inneraiclone2/node_modules/jest-circus/build/jestAdapterInit.js:1920:21)\n    at jestAdapter (/mnt/c/codigos/inneraiclone2/node_modules/jest-circus/build/runner.js:101:19)\n    at runTestInternal (/mnt/c/codigos/inneraiclone2/node_modules/jest-runner/build/index.js:275:16)\n    at runTest (/mnt/c/codigos/inneraiclone2/node_modules/jest-runner/build/index.js:343:7)"],"fullName":"React Hooks useChat should handle errors","invocations":1,"location":null,"numPassingAsserts":0,"retryReasons":[],"startAt":1755696763983,"status":"failed","title":"should handle errors"},{"ancestorTitles":["React Hooks","useChat"],"duration":0,"failing":false,"failureDetails":[{}],"failureMessages":["ReferenceError: document is not defined\n    at render (/mnt/c/codigos/inneraiclone2/node_modules/@testing-library/react/dist/pure.js:257:5)\n    at renderHook (/mnt/c/codigos/inneraiclone2/node_modules/@testing-library/react/dist/pure.js:340:7)\n    at Object.<anonymous> (/mnt/c/codigos/inneraiclone2/tests/unit/hooks.test.tsx:128:36)\n    at Promise.finally.completed (/mnt/c/codigos/inneraiclone2/node_modules/jest-circus/build/jestAdapterInit.js:1559:28)\n    at new Promise (<anonymous>)\n    at callAsyncCircusFn (/mnt/c/codigos/inneraiclone2/node_modules/jest-circus/build/jestAdapterInit.js:1499:10)\n    at _callCircusTest (/mnt/c/codigos/inneraiclone2/node_modules/jest-circus/build/jestAdapterInit.js:1009:40)\n    at _runTest (/mnt/c/codigos/inneraiclone2/node_modules/jest-circus/build/jestAdapterInit.js:949:3)\n    at _runTestsForDescribeBlock (/mnt/c/codigos/inneraiclone2/node_modules/jest-circus/build/jestAdapterInit.js:839:13)\n    at _runTestsForDescribeBlock (/mnt/c/codigos/inneraiclone2/node_modules/jest-circus/build/jestAdapterInit.js:829:11)\n    at _runTestsForDescribeBlock (/mnt/c/codigos/inneraiclone2/node_modules/jest-circus/build/jestAdapterInit.js:829:11)\n    at run (/mnt/c/codigos/inneraiclone2/node_modules/jest-circus/build/jestAdapterInit.js:757:3)\n    at runAndTransformResultsToJestFormat (/mnt/c/codigos/inneraiclone2/node_modules/jest-circus/build/jestAdapterInit.js:1920:21)\n    at jestAdapter (/mnt/c/codigos/inneraiclone2/node_modules/jest-circus/build/runner.js:101:19)\n    at runTestInternal (/mnt/c/codigos/inneraiclone2/node_modules/jest-runner/build/index.js:275:16)\n    at runTest (/mnt/c/codigos/inneraiclone2/node_modules/jest-runner/build/index.js:343:7)"],"fullName":"React Hooks useChat should clear chat","invocations":1,"location":null,"numPassingAsserts":0,"retryReasons":[],"startAt":1755696763984,"status":"failed","title":"should clear chat"},{"ancestorTitles":["React Hooks","useChat"],"duration":0,"failing":false,"failureDetails":[{}],"failureMessages":["ReferenceError: document is not defined\n    at render (/mnt/c/codigos/inneraiclone2/node_modules/@testing-library/react/dist/pure.js:257:5)\n    at renderHook (/mnt/c/codigos/inneraiclone2/node_modules/@testing-library/react/dist/pure.js:340:7)\n    at Object.<anonymous> (/mnt/c/codigos/inneraiclone2/tests/unit/hooks.test.tsx:145:36)\n    at Promise.finally.completed (/mnt/c/codigos/inneraiclone2/node_modules/jest-circus/build/jestAdapterInit.js:1559:28)\n    at new Promise (<anonymous>)\n    at callAsyncCircusFn (/mnt/c/codigos/inneraiclone2/node_modules/jest-circus/build/jestAdapterInit.js:1499:10)\n    at _callCircusTest (/mnt/c/codigos/inneraiclone2/node_modules/jest-circus/build/jestAdapterInit.js:1009:40)\n    at _runTest (/mnt/c/codigos/inneraiclone2/node_modules/jest-circus/build/jestAdapterInit.js:949:3)\n    at _runTestsForDescribeBlock (/mnt/c/codigos/inneraiclone2/node_modules/jest-circus/build/jestAdapterInit.js:839:13)\n    at _runTestsForDescribeBlock (/mnt/c/codigos/inneraiclone2/node_modules/jest-circus/build/jestAdapterInit.js:829:11)\n    at _runTestsForDescribeBlock (/mnt/c/codigos/inneraiclone2/node_modules/jest-circus/build/jestAdapterInit.js:829:11)\n    at run (/mnt/c/codigos/inneraiclone2/node_modules/jest-circus/build/jestAdapterInit.js:757:3)\n    at runAndTransformResultsToJestFormat (/mnt/c/codigos/inneraiclone2/node_modules/jest-circus/build/jestAdapterInit.js:1920:21)\n    at jestAdapter (/mnt/c/codigos/inneraiclone2/node_modules/jest-circus/build/runner.js:101:19)\n    at runTestInternal (/mnt/c/codigos/inneraiclone2/node_modules/jest-runner/build/index.js:275:16)\n    at runTest (/mnt/c/codigos/inneraiclone2/node_modules/jest-runner/build/index.js:343:7)"],"fullName":"React Hooks useChat should manage conversation history","invocations":1,"location":null,"numPassingAsserts":0,"retryReasons":[],"startAt":1755696763984,"status":"failed","title":"should manage conversation history"},{"ancestorTitles":["React Hooks","useSubscription"],"duration":1,"failing":false,"failureDetails":[{}],"failureMessages":["ReferenceError: document is not defined\n    at render (/mnt/c/codigos/inneraiclone2/node_modules/@testing-library/react/dist/pure.js:257:5)\n    at renderHook (/mnt/c/codigos/inneraiclone2/node_modules/@testing-library/react/dist/pure.js:340:7)\n    at Object.<anonymous> (/mnt/c/codigos/inneraiclone2/tests/unit/hooks.test.tsx:166:36)\n    at Promise.finally.completed (/mnt/c/codigos/inneraiclone2/node_modules/jest-circus/build/jestAdapterInit.js:1559:28)\n    at new Promise (<anonymous>)\n    at callAsyncCircusFn (/mnt/c/codigos/inneraiclone2/node_modules/jest-circus/build/jestAdapterInit.js:1499:10)\n    at _callCircusTest (/mnt/c/codigos/inneraiclone2/node_modules/jest-circus/build/jestAdapterInit.js:1009:40)\n    at _runTest (/mnt/c/codigos/inneraiclone2/node_modules/jest-circus/build/jestAdapterInit.js:949:3)\n    at _runTestsForDescribeBlock (/mnt/c/codigos/inneraiclone2/node_modules/jest-circus/build/jestAdapterInit.js:839:13)\n    at _runTestsForDescribeBlock (/mnt/c/codigos/inneraiclone2/node_modules/jest-circus/build/jestAdapterInit.js:829:11)\n    at _runTestsForDescribeBlock (/mnt/c/codigos/inneraiclone2/node_modules/jest-circus/build/jestAdapterInit.js:829:11)\n    at run (/mnt/c/codigos/inneraiclone2/node_modules/jest-circus/build/jestAdapterInit.js:757:3)\n    at runAndTransformResultsToJestFormat (/mnt/c/codigos/inneraiclone2/node_modules/jest-circus/build/jestAdapterInit.js:1920:21)\n    at jestAdapter (/mnt/c/codigos/inneraiclone2/node_modules/jest-circus/build/runner.js:101:19)\n    at runTestInternal (/mnt/c/codigos/inneraiclone2/node_modules/jest-runner/build/index.js:275:16)\n    at runTest (/mnt/c/codigos/inneraiclone2/node_modules/jest-runner/build/index.js:343:7)"],"fullName":"React Hooks useSubscription should get current subscription","invocations":1,"location":null,"numPassingAsserts":0,"retryReasons":[],"startAt":1755696763984,"status":"failed","title":"should get current subscription"},{"ancestorTitles":["React Hooks","useSubscription"],"duration":0,"failing":false,"failureDetails":[{}],"failureMessages":["ReferenceError: document is not defined\n    at render (/mnt/c/codigos/inneraiclone2/node_modules/@testing-library/react/dist/pure.js:257:5)\n    at renderHook (/mnt/c/codigos/inneraiclone2/node_modules/@testing-library/react/dist/pure.js:340:7)\n    at Object.<anonymous> (/mnt/c/codigos/inneraiclone2/tests/unit/hooks.test.tsx:176:36)\n    at Promise.finally.completed (/mnt/c/codigos/inneraiclone2/node_modules/jest-circus/build/jestAdapterInit.js:1559:28)\n    at new Promise (<anonymous>)\n    at callAsyncCircusFn (/mnt/c/codigos/inneraiclone2/node_modules/jest-circus/build/jestAdapterInit.js:1499:10)\n    at _callCircusTest (/mnt/c/codigos/inneraiclone2/node_modules/jest-circus/build/jestAdapterInit.js:1009:40)\n    at _runTest (/mnt/c/codigos/inneraiclone2/node_modules/jest-circus/build/jestAdapterInit.js:949:3)\n    at _runTestsForDescribeBlock (/mnt/c/codigos/inneraiclone2/node_modules/jest-circus/build/jestAdapterInit.js:839:13)\n    at _runTestsForDescribeBlock (/mnt/c/codigos/inneraiclone2/node_modules/jest-circus/build/jestAdapterInit.js:829:11)\n    at _runTestsForDescribeBlock (/mnt/c/codigos/inneraiclone2/node_modules/jest-circus/build/jestAdapterInit.js:829:11)\n    at run (/mnt/c/codigos/inneraiclone2/node_modules/jest-circus/build/jestAdapterInit.js:757:3)\n    at runAndTransformResultsToJestFormat (/mnt/c/codigos/inneraiclone2/node_modules/jest-circus/build/jestAdapterInit.js:1920:21)\n    at jestAdapter (/mnt/c/codigos/inneraiclone2/node_modules/jest-circus/build/runner.js:101:19)\n    at runTestInternal (/mnt/c/codigos/inneraiclone2/node_modules/jest-runner/build/index.js:275:16)\n    at runTest (/mnt/c/codigos/inneraiclone2/node_modules/jest-runner/build/index.js:343:7)"],"fullName":"React Hooks useSubscription should check feature access","invocations":1,"location":null,"numPassingAsserts":0,"retryReasons":[],"startAt":1755696763985,"status":"failed","title":"should check feature access"},{"ancestorTitles":["React Hooks","useSubscription"],"duration":0,"failing":false,"failureDetails":[{}],"failureMessages":["ReferenceError: document is not defined\n    at render (/mnt/c/codigos/inneraiclone2/node_modules/@testing-library/react/dist/pure.js:257:5)\n    at renderHook (/mnt/c/codigos/inneraiclone2/node_modules/@testing-library/react/dist/pure.js:340:7)\n    at Object.<anonymous> (/mnt/c/codigos/inneraiclone2/tests/unit/hooks.test.tsx:184:36)\n    at Promise.finally.completed (/mnt/c/codigos/inneraiclone2/node_modules/jest-circus/build/jestAdapterInit.js:1559:28)\n    at new Promise (<anonymous>)\n    at callAsyncCircusFn (/mnt/c/codigos/inneraiclone2/node_modules/jest-circus/build/jestAdapterInit.js:1499:10)\n    at _callCircusTest (/mnt/c/codigos/inneraiclone2/node_modules/jest-circus/build/jestAdapterInit.js:1009:40)\n    at _runTest (/mnt/c/codigos/inneraiclone2/node_modules/jest-circus/build/jestAdapterInit.js:949:3)\n    at _runTestsForDescribeBlock (/mnt/c/codigos/inneraiclone2/node_modules/jest-circus/build/jestAdapterInit.js:839:13)\n    at _runTestsForDescribeBlock (/mnt/c/codigos/inneraiclone2/node_modules/jest-circus/build/jestAdapterInit.js:829:11)\n    at _runTestsForDescribeBlock (/mnt/c/codigos/inneraiclone2/node_modules/jest-circus/build/jestAdapterInit.js:829:11)\n    at run (/mnt/c/codigos/inneraiclone2/node_modules/jest-cir
[...]
,"failureDetails":[{"matcherResult":{"actual":{},"expected":{"gpt-3.5-turbo":{"messages":80,"tokens":20000,"percentage":80},"gpt-4":{"messages":20,"tokens":5000,"percentage":20}},"message":"expect(received).toEqual(expected) // deep equality\n\n- Expected  - 12\n+ Received  +  1\n\n- Object {\n-   \"gpt-3.5-turbo\": Object {\n-     \"messages\": 80,\n-     \"percentage\": 80,\n-     \"tokens\": 20000,\n-   },\n-   \"gpt-4\": Object {\n-     \"messages\": 20,\n-     \"percentage\": 20,\n-     \"tokens\": 5000,\n-   },\n- }\n+ Object {}","name":"toEqual","pass":false}}],"failureMessages":["Error: expect(received).toEqual(expected) // deep equality\n\n- Expected  - 12\n+ Received  +  1\n\n- Object {\n-   \"gpt-3.5-turbo\": Object {\n-     \"messages\": 80,\n-     \"percentage\": 80,\n-     \"tokens\": 20000,\n-   },\n-   \"gpt-4\": Object {\n-     \"messages\": 20,\n-     \"percentage\": 20,\n-     \"tokens\": 5000,\n-   },\n- }\n+ Object {}\n    at Object.<anonymous> (/mnt/c/codigos/inneraiclone2/tests/unit/usage-tracking.test.ts:337:36)"],"fullName":"Usage Tracking Service Usage Statistics should calculate monthly statistics with model breakdown","invocations":1,"location":null,"numPassingAsserts":0,"retryReasons":[],"startAt":1755696776657,"status":"failed","title":"should calculate monthly statistics with model breakdown"},{"ancestorTitles":["Usage Tracking Service","Usage Statistics"],"duration":1,"failing":false,"failureDetails":[],"failureMessages":[],"fullName":"Usage Tracking Service Usage Statistics should calculate cost projections","invocations":1,"location":null,"numPassingAsserts":4,"retryReasons":[],"startAt":1755696776658,"status":"passed","title":"should calculate cost projections"},{"ancestorTitles":["Usage Tracking Service","Usage Reports"],"duration":0,"failing":false,"failureDetails":[{"matcherResult":{"message":"expect(received).toHaveLength(expected)\n\nExpected length: 2\nReceived length: 0\nReceived array:  []","pass":false}}],"failureMessages":["Error: expect(received).toHaveLength(expected)\n\nExpected length: 2\nReceived length: 0\nReceived array:  []\n    at Object.<anonymous> (/mnt/c/codigos/inneraiclone2/tests/unit/usage-tracking.test.ts:386:37)"],"fullName":"Usage Tracking Service Usage Reports should generate usage report by date range","invocations":1,"location":null,"numPassingAsserts":4,"retryReasons":[],"startAt":1755696776659,"status":"failed","title":"should generate usage report by date range"},{"ancestorTitles":["Usage Tracking Service","Usage Reports"],"duration":1,"failing":false,"failureDetails":[],"failureMessages":[],"fullName":"Usage Tracking Service Usage Reports should export usage data to CSV format","invocations":1,"location":null,"numPassingAsserts":3,"retryReasons":[],"startAt":1755696776659,"status":"passed","title":"should export usage data to CSV format"},{"ancestorTitles":["Usage Tracking Service","Real-time Usage Updates"],"duration":0,"failing":false,"failureDetails":[],"failureMessages":[],"fullName":"Usage Tracking Service Real-time Usage Updates should update usage in real-time during streaming","invocations":1,"location":null,"numPassingAsserts":2,"retryReasons":[],"startAt":1755696776660,"status":"passed","title":"should update usage in real-time during streaming"},{"ancestorTitles":["Usage Tracking Service","Real-time Usage Updates"],"duration":2,"failing":false,"failureDetails":[],"failureMessages":[],"fullName":"Usage Tracking Service Real-time Usage Updates should handle concurrent usage updates","invocations":1,"location":null,"numPassingAsserts":1,"retryReasons":[],"startAt":1755696776660,"status":"passed","title":"should handle concurrent usage updates"},{"ancestorTitles":["Usage Tracking Service","Usage Alerts"],"duration":1,"failing":false,"failureDetails":[],"failureMessages":[],"fullName":"Usage Tracking Service Usage Alerts should trigger alert when approaching limit","invocations":1,"location":null,"numPassingAsserts":1,"retryReasons":[],"startAt":1755696776662,"status":"passed","title":"should trigger alert when approaching limit"},{"ancestorTitles":["Usage Tracking Service","Usage Alerts"],"duration":0,"failing":false,"failureDetails":[{"matcherResult":{"actual":"warning","expected":"critical","message":"expect(received).toBe(expected) // Object.is equality\n\nExpected: \"critical\"\nReceived: \"warning\"","name":"toBe","pass":false}}],"failureMessages":["Error: expect(received).toBe(expected) // Object.is equality\n\nExpected: \"critical\"\nReceived: \"warning\"\n    at Object.<anonymous> (/mnt/c/codigos/inneraiclone2/tests/unit/usage-tracking.test.ts:481:26)"],"fullName":"Usage Tracking Service Usage Alerts should trigger critical alert at 95% usage","invocations":1,"location":null,"numPassingAsserts":0,"retryReasons":[],"startAt":1755696776663,"status":"failed","title":"should trigger critical alert at 95% usage"}],"endTime":1755696776692,"message":"  ● Usage Tracking Service › Token Usage Tracking › should track token usage for a message\n\n    expect(jest.fn()).toHaveBeenCalledWith(...expected)\n\n    - Expected\n    + Received\n\n      Object {\n        \"data\": Object {\n    -     \"gpt-3.5-turboMessages\": Any<Number>,\n    -     \"gpt-3.5-turboTokens\": Any<Number>,\n          \"messagesUsed\": 6,\n          \"tokensUsed\": 1350,\n    -     \"totalCost\": Any<Number>,\n    +     \"totalCost\": 0.00245,\n        },\n        \"where\": Object {\n          \"id\": \"usage-1\",\n        },\n      },\n\n    Number of calls: 1\n\n      151 |       const result = await trackUsage(mockUserId, modelId, inputTokens, outputTokens);\n      152 |\n    > 153 |       expect(prisma.userUsage.update).toHaveBeenCalledWith({\n          |                                       ^\n      154 |         where: { id: 'usage-1' },\n      155 |         data: {\n      156 |           messagesUsed: 6,\n\n      at Object.<anonymous> (tests/unit/usage-tracking.test.ts:153:39)\n\n  ● Usage Tracking Service › Token Usage Tracking › should create new usage record for new day\n\n    expect(jest.fn()).toHaveBeenCalledWith(...expected)\n\n    Expected: {\"data\": ObjectContaining {\"date\": \"2025-08-20\", \"messagesUsed\": 1, \"tokensUsed\": 350, \"userId\": \"user-123\"}}\n\n    Number of calls: 0\n\n      180 |       const result = await trackUsage(mockUserId, 'gpt-3.5-turbo', 150, 200);\n      181 |\n    > 182 |       expect(prisma.userUsage.create).toHaveBeenCalledWith({\n          |                                       ^\n      183 |         data: expect.objectContaining({\n      184 |           userId: mockUserId,\n      185 |           date: today,\n\n      at Object.<anonymous> (tests/unit/usage-tracking.test.ts:182:39)\n\n  ● Usage Tracking Service › Token Usage Tracking › should use upsert for concurrent safety\n\n    expect(jest.fn()).toHaveBeenCalledWith(...expected)\n\n    - Expected\n    + Received\n\n      Object {\n    -   \"create\": Any<Object>,\n    -   \"update\": Any<Object>,\n    +   \"create\": Object {\n    +     \"date\": \"2024-01-15\",\n    +     \"messagesUsed\": 1,\n    +     \"tokensUsed\": 350,\n    +     \"userId\": \"user-123\",\n    +   },\n    +   \"update\": Object {\n    +     \"messagesUsed\": Object {\n    +       \"increment\": 1,\n    +     },\n    +     \"tokensUsed\": Object {\n    +       \"increment\": 350,\n    +     },\n    +   },\n        \"where\": Object {\n          \"userId_date\": Object {\n    -       \"date\": \"2025-08-20\",\n    +       \"date\": \"2024-01-15\",\n            \"userId\": \"user-123\",\n          },\n        },\n      },\n\n    Number of calls: 1\n\n      199 |       await trackUsageWithUpsert(mockUserId, 'gpt-3.5-turbo', 150, 200);\n      200 |\n    > 201 |       expect(prisma.userUsage.upsert).toHaveBeenCalledWith({\n          |                                       ^\n      202 |         where: {\n      203 |           userId_date: {\n      204 |             userId: mockUserId,\n\n      at Object.<anonymous> (tests/unit/usage-tracking.test.ts:201:39)\n\n  ● Usage Tracking Service › Usage Limits › should check daily message limits for FREE plan\n\n    expect(received).toBe(expected) // Object.is equality\n\n    Expected: false\n    Received: true\n\n      240 |\n      241 |       const limitReached = await checkDailyLimit(mockUserId);\n    > 242 |       expect(limitReached).toBe(false);\n          |                            ^\n      243 |     });\n      244 |\n      245 |     test('should check monthly token limits', async () => {\n\n      at Object.<anonymous> (tests/unit/usage-tracking.test.ts:242:28)\n\n  ● Usage Tracking Service › Usage Statistics › should calculate monthly statistics with model breakdown\n\n    expect(received).toEqual(expected) // deep equality\n\n    - Expected  - 12\n    + Received  +  1\n\n    - Object {\n    -   \"gpt-3.5-turbo\": Object {\n    -     \"messages\": 80,\n    -     \"percentage\": 80,\n    -     \"tokens\": 20000,\n    -   },\n    -   \"gpt-4\": Object {\n    -     \"messages\": 20,\n    -     \"percentage\": 20,\n    -     \"tokens\": 5000,\n    -   },\n    - }\n    + Object {}\n\n      335 |       const stats = await getUserMonthlyStats(mockUserId);\n      336 |\n    > 337 |       expect(stats.modelBreakdown).toEqual({\n          |                                    ^\n      338 |         'gpt-3.5-turbo': {\n      339 |           messages: 80,\n      340 |           tokens: 20000,\n\n      at Object.<anonymous> (tests/unit/usage-tracking.test.ts:337:36)\n\n  ● Usage Tracking Service › Usage Reports › should generate usage report by date range\n\n    expect(received).toHaveLength(expected)\n\n    Expected length: 2\n    Received length: 0\n    Received array:  []\n\n      384 |       expect(report.totalTokens).toBe(11250);\n      385 |       expect(report.totalCost).toBeCloseTo(0.016875, 5);\n    > 386 |       expect(report.dailyBreakdown).toHaveLength(2);\n          |                                     ^\n      387 |     });\n      388 |\n      389 |     test('should export usage data to CSV format', async () => {\n\n      at Object.<anonymous> (tests/unit/usage-tracking.test.ts:386:37)\n\n  ● Usage Tracking Service › Usage Alerts › should trigger critical alert at 95% usage\n\n    expect(received).toBe(expected) // Object.is equality\n\n    Expected: \"critical\"\n    Received: \"warning\"\n\n      479 |       const alert = await checkUsageAlert(mockUserId);\n      480 |\n    > 481 |       expect(alert.type).toBe('critical');\n          |                          ^\n      482 |       expect(alert.percentage).toBe(96);\n      483 |     });\n      484 |   });\n\n      at Object.<anonymous> (tests/unit/usage-tracking.test.ts:481:26)\n","name":"/mnt/c/codigos/inneraiclone2/tests/unit/usage-tracking.test.ts","startTime":1755696776015,"status":"failed","summary":""},{"assertionResults":[{"ancestorTitles":["Token Calculator","Token Estimation"],"duration":1,"failing":false,"failureDetails":[],"failureMessages":[],"fullName":"Token Calculator Token Estimation should estimate tokens for English text","invocations":1,"location":null,"numPassingAsserts":2,"retryReasons":[],"startAt":1755696777341,"status":"passed","title":"should estimate tokens for English text"},{"ancestorTitles":["Token Calculator","Token Estimation"],"duration":0,"failing":false,"failureDetails":[],"failureMessages":[],"fullName":"Token Calculator Token Estimation should estimate tokens for code","invocations":1,"location":null,"numPassingAsserts":2,"retryReasons":[],"startAt":1755696777342,"status":"passed","title":"should estimate tokens for code"},{"ancestorTitles":["Token Calculator","Token Estimation"],"duration":0,"failing":false,"failureDetails":[],"failureMessages":[],"fullName":"Token Calculator Token Estimation should estimate tokens for mixed content","invocations":1,"location":null,"numPassingAsserts":2,"retryReasons":[],"startAt":1755696777342,"status":"passed","title":"should estimate tokens for mixed content"},{"ancestorTitles":["Token Calculator","Token Estimation"],"duration":0,"failing":false,"failureDetails":[],"failureMessages":[],"fullName":"Token Calculator Token Estimation should handle empty strings","invocations":1,"location":null,"numPassingAsserts":2,"retryReasons":[],"startAt":1755696777342,"status":"passed","title":"should handle empty strings"},{"ancestorTitles":["Token Calculator","Token Estimation"],"duration":1,"failing":false,"failureDetails":[],"failureMessages":[],"fullName":"Token Calculator Token Estimation should estimate tokens for different languages","invocations":1,"location":null,"numPassingAsserts":7,"retryReasons":[],"startAt":1755696777342,"status":"passed","title":"should estimate tokens for different languages"},{"ancestorTitles":["Token Calculator","Cost Calculation"],"duration":0,"failing":false,"failureDetails":[],"failureMessages":[],"fullName":"Token Calculator Cost Calculation should calculate cost for GPT-3.5-turbo","invocations":1,"location":null,"numPassingAsserts":1,"retryReasons":[],"startAt":1755696777343,"status":"passed","title":"should calculate cost for GPT-3.5-turbo"},{"ancestorTitles":["Token Calculator","Cost Calculation"],"duration":0,"failing":false,"failureDetails":[],"failureMessages":[],"fullName":"Token Calculator Cost Calculation should calculate cost for GPT-4","invocations":1,"location":null,"numPassingAsserts":2,"retryReasons":[],"startAt":1755696777343,"status":"passed","title":"should calculate cost for GPT-4"},{"ancestorTitles":["Token Calculator","Cost Calculation"],"duration":0,"failing":false,"failureDetails":[],"failureMessages":[],"fullName":"Token Calculator Cost Calculation should calculate cost for Claude models","invocations":1,"location":null,"numPassingAsserts":2,"retryReasons":[],"startAt":1755696777343,"status":"passed","title":"should calculate cost for Claude models"},{"ancestorTitles":["Token Calculator","Cost Calculation"],"duration":0,"failing":false,"failureDetails":[],"failureMessages":[],"fullName":"Token Calculator Cost Calculation should handle zero tokens","invocations":1,"location":null,"numPassingAsserts":3,"retryReasons":[],"startAt":1755696777343,"status":"passed","title":"should handle zero tokens"},{"ancestorTitles":["Token Calculator","Cost Calculation"],"duration":0,"failing":false,"failureDetails":[],"failureMessages":[],"fullName":"Token Calculator Cost Calculation should handle very large token counts","invocations":1,"location":null,"numPassingAsserts":3,"retryReasons":[],"startAt":1755696777344,"status":"passed","title":"should handle very large token counts"},{"ancestorTitles":["Token Calculator","Context Window Management"],"duration":0,"failing":false,"failureDetails":[],"failureMessages":[],"fullName":"Token Calculator Context Window Management should check if tokens fit in context window","invocations":1,"location":null,"numPassingAsserts":3,"retryReasons":[],"startAt":1755696777344,"status":"passed","title":"should check if tokens fit in context window"},{"ancestorTitles":["Token Calculator","Context Window Management"],"duration":0,"failing":false,"failureDetails":[],"failureMessages":[],"fullName":"Token Calculator Context Window Management should calculate remaining tokens in context","invocations":1,"location":null,"numPassingAsserts":2,"retryReasons":[],"startAt":1755696777344,"status":"passed","title":"should calculate remaining tokens in context"},{"ancestorTitles":["Token Calculator","Context Window Management"],"duration":0,"failing":false,"failureDetails":[],"failureMessages":[],"fullName":"Token Calculator Context Window Management should handle models with large context windows","invocations":1,"location":null,"numPassingAsserts":3,"retryReasons":[],"startAt":1755696777344,"status":"passed","title":"should handle models with large context windows"},{"ancestorTitles":["Token Calculator","Context Window Management"],"duration":0,"failing":false,"failureDetails":[],"failureMessages":[],"fullName":"Token Calculator Context Window Management should calculate optimal chunk size for context","invocations":1,"location":null,"numPassingAsserts":2,"retryReasons":[],"startAt":1755696777344,"status":"passed","title":"should calculate optimal chunk size for context"},{"ancestorTitles":["Token Calculator","Token Optimization"],"duration":1,"failing":false,"failureDetails":[],"failureMessages":[],"fullName":"Token Calculator Token Optimization should suggest token reduction strategies","invocations":1,"location":null,"numPassingAsserts":3,"retryReasons":[],"startAt":1755696777344,"status":"passed","title":"should suggest token reduction strategies"},{"ancestorTitles":["Token Calculator","Token Optimization"],"duration":0,"failing":false,"failureDetails":[],"failureMessages":[],"fullName":"Token Calculator Token Optimization should compress repetitive text","invocations":1,"location":null,"numPassingAsserts":2,"retryReasons":[],"startAt":1755696777345,"status":"passed","title":"should compress repetitive text"},{"ancestorTitles":["Token Calculator","Token Optimization"],"duration":0,"failing":false,"failureDetails":[],"failureMessages":[],"fullName":"Token Calculator Token Optimization should truncate to fit context window","invocations":1,"location":null,"numPassingAsserts":2,"retryReasons":[],"startAt":1755696777345,"status":"passed","title":"should truncate to fit context window"},{"ancestorTitles":["Token Calculator","Multi-model Token Comparison"],"duration":1,"failing":false,"failureDetails":[],"failureMessages":[],"fullName":"Token Calculator Multi-model Token Comparison should compare costs across models","invocations":1,"location":null,"numPassingAsserts":5,"retryReasons":[],"startAt":1755696777345,"status":"passed","title":"should compare costs across models"},{"ancestorTitles":["Token Calculator","Multi-model Token Comparison"],"duration":0,"failing":false,"failureDetails":[],"failureMessages":[],"fullName":"Token Calculator Multi-model Token Comparison should find most cost-effective model for token count","invocations":1,"location":null,"numPassingAsserts":1,"retryReasons":[],"startAt":1755696777346,"status":"passed","title":"should find most cost-effective model for token count"},{"ancestorTitles":["Token Calculator","Multi-model Token Comparison"],"duration":0,"failing":false,"failureDetails":[],"failureMessages":[],"fullName":"Token Calculator Multi-model Token Comparison should find model with sufficient context window","invocations":1,"location":null,"numPassingAsserts":3,"retryReasons":[],"startAt":1755696777346,"status":"passed","title":"should find model with sufficient context window"},{"ancestorTitles":["Token Calculator","Token Usage Analytics"],"duration":0,"failing":false,"failureDetails":[],"failureMessages":[],"fullName":"Token Calculator Token Usage Analytics should calculate average tokens per message","invocations":1,"location":null,"numPassingAsserts":1,"retryReasons":[],"startAt":1755696777346,"status":"passed","title":"should calculate average tokens per message"},{"ancestorTitles":["Token Calculator","Token Usage Analytics"],"duration":0,"failing":false,"failureDetails":[],"failureMessages":[],"fullName":"Token Calculator Token Usage Analytics should project monthly token usage","invocations":1,"location":null,"numPassingAsserts":2,"retryReasons":[],"startAt":1755696777346,"status":"passed","title":"should project monthly token usage"},{"ancestorTitles":["Token Calculator","Token Usage Analytics"],"duration":0,"failing":false,"failureDetails":[],"failureMessages":[],"fullName":"Token Calculator Token Usage Analytics should calculate token velocity (tokens per minute)","invocations":1,"location":null,"numPassingAsserts":1,"retryReasons":[],"startAt":1755696777346,"status":"passed","title":"should calculate token velocity (tokens per minute)"}],"endTime":1755696777349,"message":"","name":"/mnt/c/codigos/inneraiclone2/tests/unit/token-calculator.test.ts","startTime":1755696776720,"status":"passed","summary":""}],"wasInterrupted":false}
